#
# There is insufficient memory for the Java Runtime Environment to continue.
# Native memory allocation (mmap) failed to map 197132288 bytes. Error detail: G1 virtual space
# Possible reasons:
#   The system is out of physical RAM or swap space
#   This process is running with CompressedOops enabled, and the Java Heap may be blocking the growth of the native heap
# Possible solutions:
#   Reduce memory load on the system
#   Increase physical memory or swap space
#   Check if swap backing store is full
#   Decrease Java heap size (-Xmx/-Xms)
#   Decrease number of Java threads
#   Decrease Java thread stack sizes (-Xss)
#   Set larger code cache with -XX:ReservedCodeCacheSize=
#   JVM is running with Unscaled Compressed Oops mode in which the Java heap is
#     placed in the first 4GB address space. The Java Heap base address is the
#     maximum limit for the native heap growth. Please use -XX:HeapBaseMinAddress
#     to set the Java Heap base and to place the Java Heap above 4GB virtual address.
# This output file may be truncated or incomplete.
#
#  Out of Memory Error (os_windows.cpp:3564), pid=6128, tid=14880
#
# JRE version: Java(TM) SE Runtime Environment (24.0.1+9) (build 24.0.1+9-30)
# Java VM: Java HotSpot(TM) 64-Bit Server VM (24.0.1+9-30, mixed mode, emulated-client, sharing, tiered, compressed oops, compressed class ptrs, g1 gc, windows-amd64)
# No core dump will be written. Minidumps are not enabled by default on client versions of Windows
#

---------------  S U M M A R Y ------------

Command Line: -XX:TieredStopAtLevel=1 com.hertechrise.platform.Startup

Host: 11th Gen Intel(R) Core(TM) i5-1135G7 @ 2.40GHz, 8 cores, 7G,  Windows 11 , 64 bit Build 22621 (10.0.22621.5415)
Time: Mon Jul 28 13:11:13 2025 Hora Padrão de Buenos Aires elapsed time: 11.288657 seconds (0d 0h 0m 11s)

---------------  T H R E A D  ---------------

Current thread (0x000001ce59030490):  VMThread "VM Thread"          [id=14880, stack(0x0000004c86400000,0x0000004c86500000) (1024K)]

Stack: [0x0000004c86400000,0x0000004c86500000]
Native frames: (J=compiled Java code, j=interpreted, Vv=VM code, C=native code)
V  [jvm.dll+0x730739]  (no source info available)
V  [jvm.dll+0x8d9b23]  (no source info available)
V  [jvm.dll+0x8dc00d]  (no source info available)
V  [jvm.dll+0x8dc683]  (no source info available)
V  [jvm.dll+0x2aa086]  (no source info available)
V  [jvm.dll+0x72cc65]  (no source info available)
V  [jvm.dll+0x72059a]  (no source info available)
V  [jvm.dll+0x390cea]  (no source info available)
V  [jvm.dll+0x3989f6]  (no source info available)
V  [jvm.dll+0x38523e]  (no source info available)
V  [jvm.dll+0x3854f8]  (no source info available)
V  [jvm.dll+0x35d0cc]  (no source info available)
V  [jvm.dll+0x35d15a]  (no source info available)
V  [jvm.dll+0x3aa702]  (no source info available)
V  [jvm.dll+0x3a8d82]  (no source info available)
V  [jvm.dll+0x35c897]  (no source info available)
V  [jvm.dll+0x3a8534]  (no source info available)
V  [jvm.dll+0x8e2742]  (no source info available)
V  [jvm.dll+0x8e3a8c]  (no source info available)
V  [jvm.dll+0x8e3ff8]  (no source info available)
V  [jvm.dll+0x8e4293]  (no source info available)
V  [jvm.dll+0x87d76b]  (no source info available)
V  [jvm.dll+0x72ee55]  (no source info available)
C  [ucrtbase.dll+0x29333]  (no source info available)
C  [KERNEL32.DLL+0x1259d]  (no source info available)
C  [ntdll.dll+0x5af78]  (no source info available)

VM_Operation (0x0000004c871f6280): G1CollectForAllocation, mode: safepoint, requested by thread 0x000001ce590a8670


---------------  P R O C E S S  ---------------

Threads class SMR info:
_java_thread_list=0x000001ce59c69650, length=17, elements={
0x000001ce461eefe0, 0x000001ce590408a0, 0x000001ce590412a0, 0x000001ce59042220,
0x000001ce59043e50, 0x000001ce59044a70, 0x000001ce59045690, 0x000001ce590462b0,
0x000001ce5908e420, 0x000001ce450556f0, 0x000001ce4505ea90, 0x000001ce45723000,
0x000001ce590a67e0, 0x000001ce590a8670, 0x000001ce5a54bbf0, 0x000001ce5a533200,
0x000001ce5a535de0
}

Java Threads: ( => current thread )
  0x000001ce461eefe0 JavaThread "main"                              [_thread_blocked, id=27988, stack(0x0000004c85d00000,0x0000004c85e00000) (1024K)]
  0x000001ce590408a0 JavaThread "Reference Handler"          daemon [_thread_blocked, id=24992, stack(0x0000004c86500000,0x0000004c86600000) (1024K)]
  0x000001ce590412a0 JavaThread "Finalizer"                  daemon [_thread_blocked, id=27448, stack(0x0000004c86600000,0x0000004c86700000) (1024K)]
  0x000001ce59042220 JavaThread "Signal Dispatcher"          daemon [_thread_blocked, id=13640, stack(0x0000004c86700000,0x0000004c86800000) (1024K)]
  0x000001ce59043e50 JavaThread "Attach Listener"            daemon [_thread_blocked, id=13492, stack(0x0000004c86800000,0x0000004c86900000) (1024K)]
  0x000001ce59044a70 JavaThread "Service Thread"             daemon [_thread_blocked, id=25652, stack(0x0000004c86900000,0x0000004c86a00000) (1024K)]
  0x000001ce59045690 JavaThread "Monitor Deflation Thread"   daemon [_thread_blocked, id=9048, stack(0x0000004c86a00000,0x0000004c86b00000) (1024K)]
  0x000001ce590462b0 JavaThread "C1 CompilerThread0"         daemon [_thread_blocked, id=21552, stack(0x0000004c86b00000,0x0000004c86c00000) (1024K)]
  0x000001ce5908e420 JavaThread "Notification Thread"        daemon [_thread_blocked, id=9444, stack(0x0000004c86c00000,0x0000004c86d00000) (1024K)]
  0x000001ce450556f0 JavaThread "Common-Cleaner"             daemon [_thread_blocked, id=18332, stack(0x0000004c86d00000,0x0000004c86e00000) (1024K)]
  0x000001ce4505ea90 JavaThread "C1 CompilerThread1"         daemon [_thread_blocked, id=12820, stack(0x0000004c86e00000,0x0000004c86f00000) (1024K)]
  0x000001ce45723000 JavaThread "C1 CompilerThread2"         daemon [_thread_blocked, id=20380, stack(0x0000004c86f00000,0x0000004c87000000) (1024K)]
  0x000001ce590a67e0 JavaThread "Thread-0"                          [_thread_blocked, id=20256, stack(0x0000004c87000000,0x0000004c87100000) (1024K)]
  0x000001ce590a8670 JavaThread "restartedMain"                     [_thread_blocked, id=1140, stack(0x0000004c87100000,0x0000004c87200000) (1024K)]
  0x000001ce5a54bbf0 JavaThread "PostgreSQL-JDBC-Cleaner"    daemon [_thread_blocked, id=18828, stack(0x0000004c87b00000,0x0000004c87c00000) (1024K)]
  0x000001ce5a533200 JavaThread "HikariPool-1:housekeeper"   daemon [_thread_blocked, id=5900, stack(0x0000004c87c00000,0x0000004c87d00000) (1024K)]
  0x000001ce5a535de0 JavaThread "HikariPool-1:connection-adder" daemon [_thread_blocked, id=7296, stack(0x0000004c87d00000,0x0000004c87e00000) (1024K)]
Total: 17

Other Threads:
=>0x000001ce59030490 VMThread "VM Thread"                           [id=14880, stack(0x0000004c86400000,0x0000004c86500000) (1024K)]
  0x000001ce59021d90 WatcherThread "VM Periodic Task Thread"        [id=6972, stack(0x0000004c86300000,0x0000004c86400000) (1024K)]
  0x000001ce48601fa0 WorkerThread "GC Thread#0"                     [id=28884, stack(0x0000004c85e00000,0x0000004c85f00000) (1024K)]
  0x000001ce592da910 WorkerThread "GC Thread#1"                     [id=20572, stack(0x0000004c87300000,0x0000004c87400000) (1024K)]
  0x000001ce592a2f00 WorkerThread "GC Thread#2"                     [id=16616, stack(0x0000004c87400000,0x0000004c87500000) (1024K)]
  0x000001ce592a32b0 WorkerThread "GC Thread#3"                     [id=23604, stack(0x0000004c87500000,0x0000004c87600000) (1024K)]
  0x000001ce5932cfc0 WorkerThread "GC Thread#4"                     [id=17708, stack(0x0000004c87600000,0x0000004c87700000) (1024K)]
  0x000001ce5932d370 WorkerThread "GC Thread#5"                     [id=26100, stack(0x0000004c87700000,0x0000004c87800000) (1024K)]
  0x000001ce5932d720 WorkerThread "GC Thread#6"                     [id=3016, stack(0x0000004c87800000,0x0000004c87900000) (1024K)]
  0x000001ce5932dad0 WorkerThread "GC Thread#7"                     [id=11496, stack(0x0000004c87900000,0x0000004c87a00000) (1024K)]
  0x000001ce48616550 ConcurrentGCThread "G1 Main Marker"            [id=18700, stack(0x0000004c85f00000,0x0000004c86000000) (1024K)]
  0x000001ce48617060 WorkerThread "G1 Conc#0"                       [id=11740, stack(0x0000004c86000000,0x0000004c86100000) (1024K)]
  0x000001ce595d7270 WorkerThread "G1 Conc#1"                       [id=18436, stack(0x0000004c87a00000,0x0000004c87b00000) (1024K)]
  0x000001ce58ee6190 ConcurrentGCThread "G1 Refine#0"               [id=4040, stack(0x0000004c86100000,0x0000004c86200000) (1024K)]
  0x000001ce58ee7b30 ConcurrentGCThread "G1 Service"                [id=19376, stack(0x0000004c86200000,0x0000004c86300000) (1024K)]
Total: 15

Threads with active compile tasks:
Total: 0

VM state: at safepoint (normal execution)

VM Mutex/Monitor currently owned by a thread:  ([mutex/lock_event])
[0x00007ff9fe8244b0] Threads_lock - owner thread: 0x000001ce59030490
[0x00007ff9fe8245b0] Heap_lock - owner thread: 0x000001ce590a8670

Heap address: 0x0000000084400000, size: 1980 MB, Compressed Oops mode: 32-bit

CDS archive(s) mapped at: [0x000001ce00000000-0x000001ce00d40000-0x000001ce00d40000), size 13893632, SharedBaseAddress: 0x000001ce00000000, ArchiveRelocationMode: 1.
Compressed class space mapped at: 0x000001ce01000000-0x000001ce41000000, reserved size: 1073741824
UseCompressedClassPointers 1, UseCompactObjectHeaders 0
Narrow klass pointer bits 32, Max shift 3
Narrow klass base: 0x000001ce00000000, Narrow klass shift: 0
Encoding Range: [0x000001ce00000000 - 0x000001cf00000000), (4294967296 bytes)
Klass Range:    [0x000001ce00000000 - 0x000001ce41000000), (1090519040 bytes)
Klass ID Range:  [8 - 1090519033) (1090519025)

GC Precious Log:
 CardTable entry size: 512
 Card Set container configuration: InlinePtr #cards 5 size 8 Array Of Cards #cards 10 size 36 Howl #buckets 4 coarsen threshold 1843 Howl Bitmap #cards 512 size 80 coarsen threshold 460 Card regions per heap region 1 cards per card region 2048
 CPUs: 8 total, 8 available
 Memory: 7915M
 Large Page Support: Disabled
 NUMA Support: Disabled
 Compressed Oops: Enabled (32-bit)
 Heap Region Size: 1M
 Heap Min Capacity: 8M
 Heap Initial Capacity: 124M
 Heap Max Capacity: 1980M
 Pre-touch: Disabled
 Parallel Workers: 8
 Concurrent Workers: 2
 Concurrent Refinement Workers: 8
 Periodic GC: Disabled

Heap:
 garbage-first heap   total reserved 2027520K, committed 192512K, used 132608K [0x0000000084400000, 0x0000000100000000)
  region size 1024K, 6 young (6144K), 6 survivors (6144K)
 Metaspace       used 73127K, committed 73728K, reserved 1114112K
  class space    used 8737K, committed 8960K, reserved 1048576K

Heap Regions: E=young(eden), S=young(survivor), O=old, HS=humongous(starts), HC=humongous(continues), CS=collection set, F=free, TAMS=top-at-mark-start, PB=parsable bottom
|   0|0x0000000084400000, 0x0000000084500000, 0x0000000084500000|100%|HS|  |TAMS 0x0000000084400000| PB 0x0000000084400000| Complete |  0
|   1|0x0000000084500000, 0x0000000084600000, 0x0000000084600000|100%|HS|  |TAMS 0x0000000084500000| PB 0x0000000084500000| Complete |  0
|   2|0x0000000084600000, 0x0000000084700000, 0x0000000084700000|100%| O|  |TAMS 0x0000000084600000| PB 0x0000000084600000| Untracked |  0
|   3|0x0000000084700000, 0x0000000084800000, 0x0000000084800000|100%| O|  |TAMS 0x0000000084700000| PB 0x0000000084700000| Untracked |  0
|   4|0x0000000084800000, 0x0000000084900000, 0x0000000084900000|100%| O|  |TAMS 0x0000000084800000| PB 0x0000000084800000| Untracked |  0
|   5|0x0000000084900000, 0x0000000084a00000, 0x0000000084a00000|100%| O|  |TAMS 0x0000000084900000| PB 0x0000000084900000| Untracked |  0
|   6|0x0000000084a00000, 0x0000000084b00000, 0x0000000084b00000|100%| O|  |TAMS 0x0000000084a00000| PB 0x0000000084a00000| Untracked |  0
|   7|0x0000000084b00000, 0x0000000084c00000, 0x0000000084c00000|100%| O|  |TAMS 0x0000000084b00000| PB 0x0000000084b00000| Untracked |  0
|   8|0x0000000084c00000, 0x0000000084d00000, 0x0000000084d00000|100%| O|  |TAMS 0x0000000084c00000| PB 0x0000000084c00000| Untracked |  0
|   9|0x0000000084d00000, 0x0000000084e00000, 0x0000000084e00000|100%| O|  |TAMS 0x0000000084d00000| PB 0x0000000084d00000| Untracked |  0
|  10|0x0000000084e00000, 0x0000000084f00000, 0x0000000084f00000|100%| O|  |TAMS 0x0000000084e00000| PB 0x0000000084e00000| Untracked |  0
|  11|0x0000000084f00000, 0x0000000085000000, 0x0000000085000000|100%| O|  |TAMS 0x0000000084f00000| PB 0x0000000084f00000| Untracked |  0
|  12|0x0000000085000000, 0x0000000085100000, 0x0000000085100000|100%| O|  |TAMS 0x0000000085000000| PB 0x0000000085000000| Untracked |  0
|  13|0x0000000085100000, 0x0000000085200000, 0x0000000085200000|100%| O|  |TAMS 0x0000000085100000| PB 0x0000000085100000| Untracked |  0
|  14|0x0000000085200000, 0x0000000085300000, 0x0000000085300000|100%| O|  |TAMS 0x0000000085200000| PB 0x0000000085200000| Untracked |  0
|  15|0x0000000085300000, 0x0000000085400000, 0x0000000085400000|100%| O|  |TAMS 0x0000000085300000| PB 0x0000000085300000| Untracked |  0
|  16|0x0000000085400000, 0x0000000085500000, 0x0000000085500000|100%| O|  |TAMS 0x0000000085400000| PB 0x0000000085400000| Untracked |  0
|  17|0x0000000085500000, 0x0000000085600000, 0x0000000085600000|100%| O|  |TAMS 0x0000000085500000| PB 0x0000000085500000| Untracked |  0
|  18|0x0000000085600000, 0x0000000085700000, 0x0000000085700000|100%| O|  |TAMS 0x0000000085600000| PB 0x0000000085600000| Untracked |  0
|  19|0x0000000085700000, 0x0000000085800000, 0x0000000085800000|100%| O|  |TAMS 0x0000000085700000| PB 0x0000000085700000| Untracked |  0
|  20|0x0000000085800000, 0x0000000085900000, 0x0000000085900000|100%| O|  |TAMS 0x0000000085800000| PB 0x0000000085800000| Untracked |  0
|  21|0x0000000085900000, 0x0000000085a00000, 0x0000000085a00000|100%| O|  |TAMS 0x0000000085900000| PB 0x0000000085900000| Untracked |  0
|  22|0x0000000085a00000, 0x0000000085b00000, 0x0000000085b00000|100%| O|  |TAMS 0x0000000085a00000| PB 0x0000000085a00000| Untracked |  0
|  23|0x0000000085b00000, 0x0000000085c00000, 0x0000000085c00000|100%| O|  |TAMS 0x0000000085b00000| PB 0x0000000085b00000| Untracked |  0
|  24|0x0000000085c00000, 0x0000000085d00000, 0x0000000085d00000|100%| O|  |TAMS 0x0000000085c00000| PB 0x0000000085c00000| Untracked |  0
|  25|0x0000000085d00000, 0x0000000085e00000, 0x0000000085e00000|100%| O|  |TAMS 0x0000000085d00000| PB 0x0000000085d00000| Untracked |  0
|  26|0x0000000085e00000, 0x0000000085f00000, 0x0000000085f00000|100%| O|  |TAMS 0x0000000085e00000| PB 0x0000000085e00000| Untracked |  0
|  27|0x0000000085f00000, 0x0000000086000000, 0x0000000086000000|100%| O|  |TAMS 0x0000000085f00000| PB 0x0000000085f00000| Untracked |  0
|  28|0x0000000086000000, 0x0000000086100000, 0x0000000086100000|100%| O|  |TAMS 0x0000000086000000| PB 0x0000000086000000| Untracked |  0
|  29|0x0000000086100000, 0x0000000086200000, 0x0000000086200000|100%| O|  |TAMS 0x0000000086100000| PB 0x0000000086100000| Untracked |  0
|  30|0x0000000086200000, 0x0000000086300000, 0x0000000086300000|100%| O|  |TAMS 0x0000000086200000| PB 0x0000000086200000| Untracked |  0
|  31|0x0000000086300000, 0x0000000086400000, 0x0000000086400000|100%| O|  |TAMS 0x0000000086300000| PB 0x0000000086300000| Untracked |  0
|  32|0x0000000086400000, 0x0000000086500000, 0x0000000086500000|100%| O|  |TAMS 0x0000000086400000| PB 0x0000000086400000| Untracked |  0
|  33|0x0000000086500000, 0x0000000086600000, 0x0000000086600000|100%| O|  |TAMS 0x0000000086500000| PB 0x0000000086500000| Untracked |  0
|  34|0x0000000086600000, 0x0000000086700000, 0x0000000086700000|100%| O|  |TAMS 0x0000000086600000| PB 0x0000000086600000| Untracked |  0
|  35|0x0000000086700000, 0x0000000086800000, 0x0000000086800000|100%| O|  |TAMS 0x0000000086700000| PB 0x0000000086700000| Untracked |  0
|  36|0x0000000086800000, 0x0000000086900000, 0x0000000086900000|100%| O|  |TAMS 0x0000000086800000| PB 0x0000000086800000| Untracked |  0
|  37|0x0000000086900000, 0x0000000086a00000, 0x0000000086a00000|100%| O|  |TAMS 0x0000000086900000| PB 0x0000000086900000| Untracked |  0
|  38|0x0000000086a00000, 0x0000000086b00000, 0x0000000086b00000|100%| O|  |TAMS 0x0000000086a00000| PB 0x0000000086a00000| Untracked |  0
|  39|0x0000000086b00000, 0x0000000086c00000, 0x0000000086c00000|100%| O|  |TAMS 0x0000000086b00000| PB 0x0000000086b00000| Untracked |  0
|  40|0x0000000086c00000, 0x0000000086d00000, 0x0000000086d00000|100%| O|  |TAMS 0x0000000086c00000| PB 0x0000000086c00000| Untracked |  0
|  41|0x0000000086d00000, 0x0000000086e00000, 0x0000000086e00000|100%| O|  |TAMS 0x0000000086d00000| PB 0x0000000086d00000| Untracked |  0
|  42|0x0000000086e00000, 0x0000000086f00000, 0x0000000086f00000|100%| O|  |TAMS 0x0000000086e00000| PB 0x0000000086e00000| Untracked |  0
|  43|0x0000000086f00000, 0x0000000087000000, 0x0000000087000000|100%| O|  |TAMS 0x0000000086f00000| PB 0x0000000086f00000| Untracked |  0
|  44|0x0000000087000000, 0x0000000087100000, 0x0000000087100000|100%| O|  |TAMS 0x0000000087000000| PB 0x0000000087000000| Untracked |  0
|  45|0x0000000087100000, 0x0000000087200000, 0x0000000087200000|100%| O|  |TAMS 0x0000000087100000| PB 0x0000000087100000| Untracked |  0
|  46|0x0000000087200000, 0x0000000087300000, 0x0000000087300000|100%| O|  |TAMS 0x0000000087200000| PB 0x0000000087200000| Untracked |  0
|  47|0x0000000087300000, 0x0000000087400000, 0x0000000087400000|100%| O|  |TAMS 0x0000000087300000| PB 0x0000000087300000| Untracked |  0
|  48|0x0000000087400000, 0x0000000087500000, 0x0000000087500000|100%| O|  |TAMS 0x0000000087400000| PB 0x0000000087400000| Untracked |  0
|  49|0x0000000087500000, 0x0000000087600000, 0x0000000087600000|100%| O|  |TAMS 0x0000000087500000| PB 0x0000000087500000| Untracked |  0
|  50|0x0000000087600000, 0x0000000087700000, 0x0000000087700000|100%| O|  |TAMS 0x0000000087600000| PB 0x0000000087600000| Untracked |  0
|  51|0x0000000087700000, 0x0000000087800000, 0x0000000087800000|100%| O|  |TAMS 0x0000000087700000| PB 0x0000000087700000| Untracked |  0
|  52|0x0000000087800000, 0x0000000087900000, 0x0000000087900000|100%| O|  |TAMS 0x0000000087800000| PB 0x0000000087800000| Untracked |  0
|  53|0x0000000087900000, 0x0000000087a00000, 0x0000000087a00000|100%| O|  |TAMS 0x0000000087900000| PB 0x0000000087900000| Untracked |  0
|  54|0x0000000087a00000, 0x0000000087b00000, 0x0000000087b00000|100%| O|  |TAMS 0x0000000087a00000| PB 0x0000000087a00000| Untracked |  0
|  55|0x0000000087b00000, 0x0000000087c00000, 0x0000000087c00000|100%| O|  |TAMS 0x0000000087b00000| PB 0x0000000087b00000| Untracked |  0
|  56|0x0000000087c00000, 0x0000000087c80000, 0x0000000087d00000| 50%| O|  |TAMS 0x0000000087c00000| PB 0x0000000087c00000| Untracked |  0
|  57|0x0000000087d00000, 0x0000000087d00000, 0x0000000087e00000|  0%| F|  |TAMS 0x0000000087d00000| PB 0x0000000087d00000| Untracked |  0
|  58|0x0000000087e00000, 0x0000000087e00000, 0x0000000087f00000|  0%| F|  |TAMS 0x0000000087e00000| PB 0x0000000087e00000| Untracked |  0
|  59|0x0000000087f00000, 0x0000000088000000, 0x0000000088000000|100%| O|  |TAMS 0x0000000087f00000| PB 0x0000000087f00000| Untracked |  0
|  60|0x0000000088000000, 0x0000000088000000, 0x0000000088100000|  0%| F|  |TAMS 0x0000000088000000| PB 0x0000000088000000| Untracked |  0
|  61|0x0000000088100000, 0x0000000088200000, 0x0000000088200000|100%| O|  |TAMS 0x0000000088100000| PB 0x0000000088100000| Untracked |  0
|  62|0x0000000088200000, 0x0000000088300000, 0x0000000088300000|100%| O|  |TAMS 0x0000000088200000| PB 0x0000000088200000| Untracked |  0
|  63|0x0000000088300000, 0x0000000088400000, 0x0000000088400000|100%| O|  |TAMS 0x0000000088300000| PB 0x0000000088300000| Untracked |  0
|  64|0x0000000088400000, 0x0000000088500000, 0x0000000088500000|100%| O|  |TAMS 0x0000000088400000| PB 0x0000000088400000| Untracked |  0
|  65|0x0000000088500000, 0x0000000088500000, 0x0000000088600000|  0%| F|  |TAMS 0x0000000088500000| PB 0x0000000088500000| Untracked |  0
|  66|0x0000000088600000, 0x0000000088700000, 0x0000000088700000|100%| O|  |TAMS 0x0000000088600000| PB 0x0000000088600000| Untracked |  0
|  67|0x0000000088700000, 0x0000000088800000, 0x0000000088800000|100%| O|  |TAMS 0x0000000088700000| PB 0x0000000088700000| Untracked |  0
|  68|0x0000000088800000, 0x0000000088900000, 0x0000000088900000|100%| O|  |TAMS 0x0000000088800000| PB 0x0000000088800000| Untracked |  0
|  69|0x0000000088900000, 0x0000000088a00000, 0x0000000088a00000|100%| O|  |TAMS 0x0000000088900000| PB 0x0000000088900000| Untracked |  0
|  70|0x0000000088a00000, 0x0000000088b00000, 0x0000000088b00000|100%| O|  |TAMS 0x0000000088a00000| PB 0x0000000088a00000| Untracked |  0
|  71|0x0000000088b00000, 0x0000000088c00000, 0x0000000088c00000|100%| O|  |TAMS 0x0000000088b00000| PB 0x0000000088b00000| Untracked |  0
|  72|0x0000000088c00000, 0x0000000088d00000, 0x0000000088d00000|100%| O|  |TAMS 0x0000000088c00000| PB 0x0000000088c00000| Untracked |  0
|  73|0x0000000088d00000, 0x0000000088e00000, 0x0000000088e00000|100%| O|  |TAMS 0x0000000088d00000| PB 0x0000000088d00000| Untracked |  0
|  74|0x0000000088e00000, 0x0000000088f00000, 0x0000000088f00000|100%| O|  |TAMS 0x0000000088e00000| PB 0x0000000088e00000| Untracked |  0
|  75|0x0000000088f00000, 0x0000000089000000, 0x0000000089000000|100%| O|  |TAMS 0x0000000088f00000| PB 0x0000000088f00000| Untracked |  0
|  76|0x0000000089000000, 0x0000000089100000, 0x0000000089100000|100%| O|  |TAMS 0x0000000089000000| PB 0x0000000089000000| Untracked |  0
|  77|0x0000000089100000, 0x0000000089200000, 0x0000000089200000|100%| O|  |TAMS 0x0000000089100000| PB 0x0000000089100000| Untracked |  0
|  78|0x0000000089200000, 0x0000000089300000, 0x0000000089300000|100%| O|  |TAMS 0x0000000089200000| PB 0x0000000089200000| Untracked |  0
|  79|0x0000000089300000, 0x0000000089400000, 0x0000000089400000|100%| O|  |TAMS 0x0000000089300000| PB 0x0000000089300000| Untracked |  0
|  80|0x0000000089400000, 0x0000000089500000, 0x0000000089500000|100%| O|  |TAMS 0x0000000089400000| PB 0x0000000089400000| Untracked |  0
|  81|0x0000000089500000, 0x0000000089600000, 0x0000000089600000|100%| O|  |TAMS 0x0000000089500000| PB 0x0000000089500000| Untracked |  0
|  82|0x0000000089600000, 0x0000000089700000, 0x0000000089700000|100%| O|  |TAMS 0x0000000089600000| PB 0x0000000089600000| Untracked |  0
|  83|0x0000000089700000, 0x0000000089800000, 0x0000000089800000|100%| O|  |TAMS 0x0000000089700000| PB 0x0000000089700000| Untracked |  0
|  84|0x0000000089800000, 0x0000000089900000, 0x0000000089900000|100%| O|  |TAMS 0x0000000089800000| PB 0x0000000089800000| Untracked |  0
|  85|0x0000000089900000, 0x0000000089a00000, 0x0000000089a00000|100%| O|  |TAMS 0x0000000089900000| PB 0x0000000089900000| Untracked |  0
|  86|0x0000000089a00000, 0x0000000089b00000, 0x0000000089b00000|100%| O|  |TAMS 0x0000000089a00000| PB 0x0000000089a00000| Untracked |  0
|  87|0x0000000089b00000, 0x0000000089c00000, 0x0000000089c00000|100%| O|  |TAMS 0x0000000089b00000| PB 0x0000000089b00000| Untracked |  0
|  88|0x0000000089c00000, 0x0000000089d00000, 0x0000000089d00000|100%| O|  |TAMS 0x0000000089c00000| PB 0x0000000089c00000| Untracked |  0
|  89|0x0000000089d00000, 0x0000000089e00000, 0x0000000089e00000|100%| O|  |TAMS 0x0000000089d00000| PB 0x0000000089d00000| Untracked |  0
|  90|0x0000000089e00000, 0x0000000089f00000, 0x0000000089f00000|100%| O|  |TAMS 0x0000000089e00000| PB 0x0000000089e00000| Untracked |  0
|  91|0x0000000089f00000, 0x000000008a000000, 0x000000008a000000|100%| O|  |TAMS 0x0000000089f00000| PB 0x0000000089f00000| Untracked |  0
|  92|0x000000008a000000, 0x000000008a100000, 0x000000008a100000|100%|HS|  |TAMS 0x000000008a000000| PB 0x000000008a000000| Complete |  0
|  93|0x000000008a100000, 0x000000008a200000, 0x000000008a200000|100%|HS|  |TAMS 0x000000008a100000| PB 0x000000008a100000| Complete |  0
|  94|0x000000008a200000, 0x000000008a300000, 0x000000008a300000|100%|HC|  |TAMS 0x000000008a200000| PB 0x000000008a200000| Complete |  0
|  95|0x000000008a300000, 0x000000008a400000, 0x000000008a400000|100%| O|  |TAMS 0x000000008a300000| PB 0x000000008a300000| Untracked |  0
|  96|0x000000008a400000, 0x000000008a500000, 0x000000008a500000|100%| O|  |TAMS 0x000000008a400000| PB 0x000000008a400000| Untracked |  0
|  97|0x000000008a500000, 0x000000008a600000, 0x000000008a600000|100%| O|  |TAMS 0x000000008a500000| PB 0x000000008a500000| Untracked |  0
|  98|0x000000008a600000, 0x000000008a700000, 0x000000008a700000|100%| O|  |TAMS 0x000000008a600000| PB 0x000000008a600000| Untracked |  0
|  99|0x000000008a700000, 0x000000008a800000, 0x000000008a800000|100%| O|  |TAMS 0x000000008a700000| PB 0x000000008a700000| Untracked |  0
| 100|0x000000008a800000, 0x000000008a900000, 0x000000008a900000|100%| O|  |TAMS 0x000000008a800000| PB 0x000000008a800000| Untracked |  0
| 101|0x000000008a900000, 0x000000008aa00000, 0x000000008aa00000|100%| O|  |TAMS 0x000000008a900000| PB 0x000000008a900000| Untracked |  0
| 102|0x000000008aa00000, 0x000000008ab00000, 0x000000008ab00000|100%| O|  |TAMS 0x000000008aa00000| PB 0x000000008aa00000| Untracked |  0
| 103|0x000000008ab00000, 0x000000008ac00000, 0x000000008ac00000|100%| O|  |TAMS 0x000000008ab00000| PB 0x000000008ab00000| Untracked |  0
| 104|0x000000008ac00000, 0x000000008ad00000, 0x000000008ad00000|100%| O|  |TAMS 0x000000008ac00000| PB 0x000000008ac00000| Untracked |  0
| 105|0x000000008ad00000, 0x000000008ae00000, 0x000000008ae00000|100%| O|  |TAMS 0x000000008ad00000| PB 0x000000008ad00000| Untracked |  0
| 106|0x000000008ae00000, 0x000000008af00000, 0x000000008af00000|100%| O|  |TAMS 0x000000008ae00000| PB 0x000000008ae00000| Untracked |  0
| 107|0x000000008af00000, 0x000000008b000000, 0x000000008b000000|100%| O|  |TAMS 0x000000008af00000| PB 0x000000008af00000| Untracked |  0
| 108|0x000000008b000000, 0x000000008b100000, 0x000000008b100000|100%| O|  |TAMS 0x000000008b000000| PB 0x000000008b000000| Untracked |  0
| 109|0x000000008b100000, 0x000000008b200000, 0x000000008b200000|100%| O|  |TAMS 0x000000008b100000| PB 0x000000008b100000| Untracked |  0
| 110|0x000000008b200000, 0x000000008b300000, 0x000000008b300000|100%| O|  |TAMS 0x000000008b200000| PB 0x000000008b200000| Untracked |  0
| 111|0x000000008b300000, 0x000000008b400000, 0x000000008b400000|100%| O|  |TAMS 0x000000008b300000| PB 0x000000008b300000| Untracked |  0
| 112|0x000000008b400000, 0x000000008b500000, 0x000000008b500000|100%| O|  |TAMS 0x000000008b400000| PB 0x000000008b400000| Untracked |  0
| 113|0x000000008b500000, 0x000000008b600000, 0x000000008b600000|100%| O|  |TAMS 0x000000008b500000| PB 0x000000008b500000| Untracked |  0
| 114|0x000000008b600000, 0x000000008b700000, 0x000000008b700000|100%| O|  |TAMS 0x000000008b600000| PB 0x000000008b600000| Untracked |  0
| 115|0x000000008b700000, 0x000000008b800000, 0x000000008b800000|100%| O|  |TAMS 0x000000008b700000| PB 0x000000008b700000| Untracked |  0
| 116|0x000000008b800000, 0x000000008b900000, 0x000000008b900000|100%| O|  |TAMS 0x000000008b800000| PB 0x000000008b800000| Untracked |  0
| 117|0x000000008b900000, 0x000000008ba00000, 0x000000008ba00000|100%| O|  |TAMS 0x000000008b900000| PB 0x000000008b900000| Untracked |  0
| 118|0x000000008ba00000, 0x000000008bb00000, 0x000000008bb00000|100%| O|  |TAMS 0x000000008ba00000| PB 0x000000008ba00000| Untracked |  0
| 119|0x000000008bb00000, 0x000000008bc00000, 0x000000008bc00000|100%| O|  |TAMS 0x000000008bb00000| PB 0x000000008bb00000| Untracked |  0
| 120|0x000000008bc00000, 0x000000008bd00000, 0x000000008bd00000|100%| O|  |TAMS 0x000000008bc00000| PB 0x000000008bc00000| Untracked |  0
| 121|0x000000008bd00000, 0x000000008be00000, 0x000000008be00000|100%| O|  |TAMS 0x000000008bd00000| PB 0x000000008bd00000| Untracked |  0
| 122|0x000000008be00000, 0x000000008bf00000, 0x000000008bf00000|100%| O|  |TAMS 0x000000008be00000| PB 0x000000008be00000| Untracked |  0
| 123|0x000000008bf00000, 0x000000008c000000, 0x000000008c000000|100%| O|  |TAMS 0x000000008bf00000| PB 0x000000008bf00000| Untracked |  0
| 124|0x000000008c000000, 0x000000008c100000, 0x000000008c100000|100%| O|  |TAMS 0x000000008c000000| PB 0x000000008c000000| Untracked |  0
| 125|0x000000008c100000, 0x000000008c100000, 0x000000008c200000|  0%| F|  |TAMS 0x000000008c100000| PB 0x000000008c100000| Untracked |  0
| 126|0x000000008c200000, 0x000000008c200000, 0x000000008c300000|  0%| F|  |TAMS 0x000000008c200000| PB 0x000000008c200000| Untracked |  0
| 127|0x000000008c300000, 0x000000008c300000, 0x000000008c400000|  0%| F|  |TAMS 0x000000008c300000| PB 0x000000008c300000| Untracked |  0
| 128|0x000000008c400000, 0x000000008c400000, 0x000000008c500000|  0%| F|  |TAMS 0x000000008c400000| PB 0x000000008c400000| Untracked |  0
| 129|0x000000008c500000, 0x000000008c500000, 0x000000008c600000|  0%| F|  |TAMS 0x000000008c500000| PB 0x000000008c500000| Untracked |  0
| 130|0x000000008c600000, 0x000000008c600000, 0x000000008c700000|  0%| F|  |TAMS 0x000000008c600000| PB 0x000000008c600000| Untracked |  0
| 131|0x000000008c700000, 0x000000008c700000, 0x000000008c800000|  0%| F|  |TAMS 0x000000008c700000| PB 0x000000008c700000| Untracked |  0
| 132|0x000000008c800000, 0x000000008c900000, 0x000000008c900000|100%| O|  |TAMS 0x000000008c800000| PB 0x000000008c800000| Untracked |  0
| 133|0x000000008c900000, 0x000000008c900000, 0x000000008ca00000|  0%| F|  |TAMS 0x000000008c900000| PB 0x000000008c900000| Untracked |  0
| 134|0x000000008ca00000, 0x000000008ca00000, 0x000000008cb00000|  0%| F|  |TAMS 0x000000008ca00000| PB 0x000000008ca00000| Untracked |  0
| 135|0x000000008cb00000, 0x000000008cb00000, 0x000000008cc00000|  0%| F|  |TAMS 0x000000008cb00000| PB 0x000000008cb00000| Untracked |  0
| 136|0x000000008cc00000, 0x000000008cd00000, 0x000000008cd00000|100%| S|CS|TAMS 0x000000008cc00000| PB 0x000000008cc00000| Complete |  0
| 137|0x000000008cd00000, 0x000000008ce00000, 0x000000008ce00000|100%| S|CS|TAMS 0x000000008cd00000| PB 0x000000008cd00000| Complete |  0
| 138|0x000000008ce00000, 0x000000008cf00000, 0x000000008cf00000|100%| S|CS|TAMS 0x000000008ce00000| PB 0x000000008ce00000| Complete |  0
| 139|0x000000008cf00000, 0x000000008d000000, 0x000000008d000000|100%| S|CS|TAMS 0x000000008cf00000| PB 0x000000008cf00000| Complete |  0
| 140|0x000000008d000000, 0x000000008d100000, 0x000000008d100000|100%| S|CS|TAMS 0x000000008d000000| PB 0x000000008d000000| Complete |  0
| 141|0x000000008d100000, 0x000000008d200000, 0x000000008d200000|100%| S|CS|TAMS 0x000000008d100000| PB 0x000000008d100000| Complete |  0
| 142|0x000000008d200000, 0x000000008d200000, 0x000000008d300000|  0%| F|  |TAMS 0x000000008d200000| PB 0x000000008d200000| Untracked |  0
| 143|0x000000008d300000, 0x000000008d300000, 0x000000008d400000|  0%| F|  |TAMS 0x000000008d300000| PB 0x000000008d300000| Untracked |  0
| 144|0x000000008d400000, 0x000000008d400000, 0x000000008d500000|  0%| F|  |TAMS 0x000000008d400000| PB 0x000000008d400000| Untracked |  0
| 145|0x000000008d500000, 0x000000008d500000, 0x000000008d600000|  0%| F|  |TAMS 0x000000008d500000| PB 0x000000008d500000| Untracked |  0
| 146|0x000000008d600000, 0x000000008d600000, 0x000000008d700000|  0%| F|  |TAMS 0x000000008d600000| PB 0x000000008d600000| Untracked |  0
| 147|0x000000008d700000, 0x000000008d700000, 0x000000008d800000|  0%| F|  |TAMS 0x000000008d700000| PB 0x000000008d700000| Untracked |  0
| 148|0x000000008d800000, 0x000000008d800000, 0x000000008d900000|  0%| F|  |TAMS 0x000000008d800000| PB 0x000000008d800000| Untracked |  0
| 149|0x000000008d900000, 0x000000008d900000, 0x000000008da00000|  0%| F|  |TAMS 0x000000008d900000| PB 0x000000008d900000| Untracked |  0
| 150|0x000000008da00000, 0x000000008da00000, 0x000000008db00000|  0%| F|  |TAMS 0x000000008da00000| PB 0x000000008da00000| Untracked |  0
| 151|0x000000008db00000, 0x000000008db00000, 0x000000008dc00000|  0%| F|  |TAMS 0x000000008db00000| PB 0x000000008db00000| Untracked |  0
| 152|0x000000008dc00000, 0x000000008dc00000, 0x000000008dd00000|  0%| F|  |TAMS 0x000000008dc00000| PB 0x000000008dc00000| Untracked |  0
| 153|0x000000008dd00000, 0x000000008dd00000, 0x000000008de00000|  0%| F|  |TAMS 0x000000008dd00000| PB 0x000000008dd00000| Untracked |  0
| 154|0x000000008de00000, 0x000000008de00000, 0x000000008df00000|  0%| F|  |TAMS 0x000000008de00000| PB 0x000000008de00000| Untracked |  0
| 155|0x000000008df00000, 0x000000008df00000, 0x000000008e000000|  0%| F|  |TAMS 0x000000008df00000| PB 0x000000008df00000| Untracked |  0
| 156|0x000000008e000000, 0x000000008e000000, 0x000000008e100000|  0%| F|  |TAMS 0x000000008e000000| PB 0x000000008e000000| Untracked |  0
| 157|0x000000008e100000, 0x000000008e100000, 0x000000008e200000|  0%| F|  |TAMS 0x000000008e100000| PB 0x000000008e100000| Untracked |  0
| 158|0x000000008e200000, 0x000000008e200000, 0x000000008e300000|  0%| F|  |TAMS 0x000000008e200000| PB 0x000000008e200000| Untracked |  0
| 159|0x000000008e300000, 0x000000008e300000, 0x000000008e400000|  0%| F|  |TAMS 0x000000008e300000| PB 0x000000008e300000| Untracked |  0
| 160|0x000000008e400000, 0x000000008e400000, 0x000000008e500000|  0%| F|  |TAMS 0x000000008e400000| PB 0x000000008e400000| Untracked |  0
| 161|0x000000008e500000, 0x000000008e500000, 0x000000008e600000|  0%| F|  |TAMS 0x000000008e500000| PB 0x000000008e500000| Untracked |  0
| 162|0x000000008e600000, 0x000000008e600000, 0x000000008e700000|  0%| F|  |TAMS 0x000000008e600000| PB 0x000000008e600000| Untracked |  0
| 163|0x000000008e700000, 0x000000008e700000, 0x000000008e800000|  0%| F|  |TAMS 0x000000008e700000| PB 0x000000008e700000| Untracked |  0
| 164|0x000000008e800000, 0x000000008e800000, 0x000000008e900000|  0%| F|  |TAMS 0x000000008e800000| PB 0x000000008e800000| Untracked |  0
| 165|0x000000008e900000, 0x000000008e900000, 0x000000008ea00000|  0%| F|  |TAMS 0x000000008e900000| PB 0x000000008e900000| Untracked |  0
| 166|0x000000008ea00000, 0x000000008ea00000, 0x000000008eb00000|  0%| F|  |TAMS 0x000000008ea00000| PB 0x000000008ea00000| Untracked |  0
| 167|0x000000008eb00000, 0x000000008eb00000, 0x000000008ec00000|  0%| F|  |TAMS 0x000000008eb00000| PB 0x000000008eb00000| Untracked |  0
| 168|0x000000008ec00000, 0x000000008ec00000, 0x000000008ed00000|  0%| F|  |TAMS 0x000000008ec00000| PB 0x000000008ec00000| Untracked |  0
| 169|0x000000008ed00000, 0x000000008ed00000, 0x000000008ee00000|  0%| F|  |TAMS 0x000000008ed00000| PB 0x000000008ed00000| Untracked |  0
| 170|0x000000008ee00000, 0x000000008ee00000, 0x000000008ef00000|  0%| F|  |TAMS 0x000000008ee00000| PB 0x000000008ee00000| Untracked |  0
| 171|0x000000008ef00000, 0x000000008ef00000, 0x000000008f000000|  0%| F|  |TAMS 0x000000008ef00000| PB 0x000000008ef00000| Untracked |  0
| 172|0x000000008f000000, 0x000000008f000000, 0x000000008f100000|  0%| F|  |TAMS 0x000000008f000000| PB 0x000000008f000000| Untracked |  0
| 173|0x000000008f100000, 0x000000008f100000, 0x000000008f200000|  0%| F|  |TAMS 0x000000008f100000| PB 0x000000008f100000| Untracked |  0
| 174|0x000000008f200000, 0x000000008f200000, 0x000000008f300000|  0%| F|  |TAMS 0x000000008f200000| PB 0x000000008f200000| Untracked |  0
| 175|0x000000008f300000, 0x000000008f300000, 0x000000008f400000|  0%| F|  |TAMS 0x000000008f300000| PB 0x000000008f300000| Untracked |  0
| 176|0x000000008f400000, 0x000000008f400000, 0x000000008f500000|  0%| F|  |TAMS 0x000000008f400000| PB 0x000000008f400000| Untracked |  0
| 177|0x000000008f500000, 0x000000008f500000, 0x000000008f600000|  0%| F|  |TAMS 0x000000008f500000| PB 0x000000008f500000| Untracked |  0
|1970|0x00000000ff600000, 0x00000000ff600000, 0x00000000ff700000|  0%| F|  |TAMS 0x00000000ff600000| PB 0x00000000ff600000| Untracked |  0
|1971|0x00000000ff700000, 0x00000000ff700000, 0x00000000ff800000|  0%| F|  |TAMS 0x00000000ff700000| PB 0x00000000ff700000| Untracked |  0
|1972|0x00000000ff800000, 0x00000000ff900000, 0x00000000ff900000|100%| O|  |TAMS 0x00000000ff800000| PB 0x00000000ff800000| Untracked |  0
|1973|0x00000000ff900000, 0x00000000ff900000, 0x00000000ffa00000|  0%| F|  |TAMS 0x00000000ff900000| PB 0x00000000ff900000| Untracked |  0
|1974|0x00000000ffa00000, 0x00000000ffa00000, 0x00000000ffb00000|  0%| F|  |TAMS 0x00000000ffa00000| PB 0x00000000ffa00000| Untracked |  0
|1975|0x00000000ffb00000, 0x00000000ffb00000, 0x00000000ffc00000|  0%| F|  |TAMS 0x00000000ffb00000| PB 0x00000000ffb00000| Untracked |  0
|1976|0x00000000ffc00000, 0x00000000ffc00000, 0x00000000ffd00000|  0%| F|  |TAMS 0x00000000ffc00000| PB 0x00000000ffc00000| Untracked |  0
|1977|0x00000000ffd00000, 0x00000000ffd00000, 0x00000000ffe00000|  0%| F|  |TAMS 0x00000000ffd00000| PB 0x00000000ffd00000| Untracked |  0
|1978|0x00000000ffe00000, 0x00000000fff00000, 0x00000000fff00000|100%| O|  |TAMS 0x00000000ffe00000| PB 0x00000000ffe00000| Untracked |  0
|1979|0x00000000fff00000, 0x00000000fff00000, 0x0000000100000000|  0%| F|  |TAMS 0x00000000fff00000| PB 0x00000000fff00000| Untracked |  0

Card table byte_map: [0x000001ce54330000,0x000001ce54710000] _byte_map_base: 0x000001ce53f0e000

Marking Bits: (CMBitMap*) 0x000001ce486026b0
 Bits: [0x000001ce54710000, 0x000001ce56600000)

Polling page: 0x000001ce463d0000

Metaspace:

Usage:
  Non-class:     62.88 MB used.
      Class:      8.53 MB used.
       Both:     71.41 MB used.

Virtual space:
  Non-class space:       64.00 MB reserved,      63.25 MB ( 99%) committed,  1 nodes.
      Class space:        1.00 GB reserved,       8.75 MB ( <1%) committed,  1 nodes.
             Both:        1.06 GB reserved,      72.00 MB (  7%) committed. 

Chunk freelists:
   Non-Class:  816.00 KB
       Class:  7.20 MB
        Both:  8.00 MB

MaxMetaspaceSize: unlimited
CompressedClassSpaceSize: 1.00 GB
Initial GC threshold: 21.00 MB
Current GC threshold: 120.00 MB
CDS: on
 - commit_granule_bytes: 65536.
 - commit_granule_words: 8192.
 - virtual_space_node_default_size: 8388608.
 - enlarge_chunks_in_place: 1.
UseCompressedClassPointers 1, UseCompactObjectHeaders 0
Narrow klass pointer bits 32, Max shift 3
Narrow klass base: 0x000001ce00000000, Narrow klass shift: 0
Encoding Range: [0x000001ce00000000 - 0x000001cf00000000), (4294967296 bytes)
Klass Range:    [0x000001ce00000000 - 0x000001ce41000000), (1090519040 bytes)
Klass ID Range:  [8 - 1090519033) (1090519025)


Internal statistics:

num_allocs_failed_limit: 9.
num_arena_births: 684.
num_arena_deaths: 0.
num_vsnodes_births: 2.
num_vsnodes_deaths: 0.
num_space_committed: 1152.
num_space_uncommitted: 0.
num_chunks_returned_to_freelist: 9.
num_chunks_taken_from_freelist: 3205.
num_chunk_merges: 9.
num_chunk_splits: 2403.
num_chunks_enlarged: 1992.
num_inconsistent_stats: 0.

CodeCache: size=49152Kb used=10816Kb max_used=11360Kb free=38335Kb
 bounds [0x000001ce50e40000, 0x000001ce51960000, 0x000001ce53e40000]
 total_blobs=7480, nmethods=6741, adapters=662, full_count=0
Compilation: enabled, stopped_count=0, restarted_count=0

Compilation events (20 events):
Event: 10.771 Thread 0x000001ce590462b0 7510       1       org.antlr.v4.runtime.atn.ParserATNSimulator::computeTargetState (286 bytes)
Event: 10.771 Thread 0x000001ce4505ea90 7511   !   1       org.antlr.v4.runtime.atn.ParserATNSimulator::addDFAEdge (207 bytes)
Event: 10.772 Thread 0x000001ce4505ea90 nmethod 7511 0x000001ce5112c208 code [0x000001ce5112c4a0, 0x000001ce5112d0b0]
Event: 10.772 Thread 0x000001ce590462b0 nmethod 7510 0x000001ce51202488 code [0x000001ce512027a0, 0x000001ce51203390]
Event: 10.875 Thread 0x000001ce590462b0 7512       1       org.antlr.v4.runtime.Parser::getTokenStream (5 bytes)
Event: 10.875 Thread 0x000001ce4505ea90 7513       1       org.antlr.v4.runtime.tree.TerminalNodeImpl::setParent (6 bytes)
Event: 10.875 Thread 0x000001ce45723000 7514       1       org.antlr.v4.runtime.Parser::getCurrentToken (11 bytes)
Event: 10.875 Thread 0x000001ce590462b0 nmethod 7512 0x000001ce5101a588 code [0x000001ce5101a680, 0x000001ce5101a748]
Event: 10.875 Thread 0x000001ce4505ea90 nmethod 7513 0x000001ce5101ac88 code [0x000001ce5101ada0, 0x000001ce5101aeb0]
Event: 10.875 Thread 0x000001ce45723000 nmethod 7514 0x000001ce5101fd88 code [0x000001ce5101fea0, 0x000001ce5101ff98]
Event: 10.896 Thread 0x000001ce45723000 7515   !   1       org.antlr.v4.runtime.atn.ParserATNSimulator::adaptivePredict (406 bytes)
Event: 10.896 Thread 0x000001ce4505ea90 7516       1       org.antlr.v4.runtime.misc.IntegerList::size (5 bytes)
Event: 10.897 Thread 0x000001ce4505ea90 nmethod 7516 0x000001ce51020808 code [0x000001ce51020900, 0x000001ce510209c8]
Event: 10.898 Thread 0x000001ce45723000 nmethod 7515 0x000001ce51414408 code [0x000001ce51414820, 0x000001ce51415fe0]
Event: 10.979 Thread 0x000001ce45723000 7517       1       org.antlr.v4.runtime.misc.FlexibleHashMap::<init> (60 bytes)
Event: 10.980 Thread 0x000001ce45723000 nmethod 7517 0x000001ce511c2188 code [0x000001ce511c22e0, 0x000001ce511c2588]
Event: 11.188 Thread 0x000001ce4505ea90 7518       1       org.antlr.v4.runtime.atn.PredictionMode::allConfigsInRuleStopStates (41 bytes)
Event: 11.189 Thread 0x000001ce4505ea90 nmethod 7518 0x000001ce51254188 code [0x000001ce512542c0, 0x000001ce51254560]
Event: 11.227 Thread 0x000001ce45723000 7519       1       org.antlr.v4.runtime.atn.PredictionMode::hasSLLConflictTerminatingPrediction (109 bytes)
Event: 11.227 Thread 0x000001ce45723000 nmethod 7519 0x000001ce51180008 code [0x000001ce511801a0, 0x000001ce51180678]

GC Heap History (20 events):
Event: 9.850 GC heap after
{Heap after GC invocations=16 (full 0):
 garbage-first heap   total reserved 2027520K, committed 84992K, used 39303K [0x0000000084400000, 0x0000000100000000)
  region size 1024K, 6 young (6144K), 6 survivors (6144K)
 Metaspace       used 71535K, committed 72128K, reserved 1114112K
  class space    used 8359K, committed 8576K, reserved 1048576K
}
Event: 9.908 GC heap before
{Heap before GC invocations=16 (full 0):
 garbage-first heap   total reserved 2027520K, committed 84992K, used 73095K [0x0000000084400000, 0x0000000100000000)
  region size 1024K, 39 young (39936K), 6 survivors (6144K)
 Metaspace       used 71535K, committed 72128K, reserved 1114112K
  class space    used 8359K, committed 8576K, reserved 1048576K
}
Event: 9.921 GC heap after
{Heap after GC invocations=17 (full 0):
 garbage-first heap   total reserved 2027520K, committed 92160K, used 51837K [0x0000000084400000, 0x0000000100000000)
  region size 1024K, 5 young (5120K), 5 survivors (5120K)
 Metaspace       used 71535K, committed 72128K, reserved 1114112K
  class space    used 8359K, committed 8576K, reserved 1048576K
}
Event: 9.993 GC heap before
{Heap before GC invocations=18 (full 0):
 garbage-first heap   total reserved 2027520K, committed 92160K, used 78461K [0x0000000084400000, 0x0000000100000000)
  region size 1024K, 30 young (30720K), 5 survivors (5120K)
 Metaspace       used 71535K, committed 72128K, reserved 1114112K
  class space    used 8359K, committed 8576K, reserved 1048576K
}
Event: 10.003 GC heap after
{Heap after GC invocations=19 (full 0):
 garbage-first heap   total reserved 2027520K, committed 93184K, used 62096K [0x0000000084400000, 0x0000000100000000)
  region size 1024K, 4 young (4096K), 4 survivors (4096K)
 Metaspace       used 71535K, committed 72128K, reserved 1114112K
  class space    used 8359K, committed 8576K, reserved 1048576K
}
Event: 10.031 GC heap before
{Heap before GC invocations=19 (full 0):
 garbage-first heap   total reserved 2027520K, committed 93184K, used 80528K [0x0000000084400000, 0x0000000100000000)
  region size 1024K, 22 young (22528K), 4 survivors (4096K)
 Metaspace       used 71535K, committed 72128K, reserved 1114112K
  class space    used 8359K, committed 8576K, reserved 1048576K
}
Event: 10.042 GC heap after
{Heap after GC invocations=20 (full 0):
 garbage-first heap   total reserved 2027520K, committed 93184K, used 69224K [0x0000000084400000, 0x0000000100000000)
  region size 1024K, 3 young (3072K), 3 survivors (3072K)
 Metaspace       used 71535K, committed 72128K, reserved 1114112K
  class space    used 8359K, committed 8576K, reserved 1048576K
}
Event: 10.062 GC heap before
{Heap before GC invocations=20 (full 0):
 garbage-first heap   total reserved 2027520K, committed 93184K, used 81512K [0x0000000084400000, 0x0000000100000000)
  region size 1024K, 15 young (15360K), 3 survivors (3072K)
 Metaspace       used 71535K, committed 72128K, reserved 1114112K
  class space    used 8359K, committed 8576K, reserved 1048576K
}
Event: 10.069 GC heap after
{Heap after GC invocations=21 (full 0):
 garbage-first heap   total reserved 2027520K, committed 192512K, used 74564K [0x0000000084400000, 0x0000000100000000)
  region size 1024K, 2 young (2048K), 2 survivors (2048K)
 Metaspace       used 71535K, committed 72128K, reserved 1114112K
  class space    used 8359K, committed 8576K, reserved 1048576K
}
Event: 10.738 GC heap before
{Heap before GC invocations=22 (full 0):
 garbage-first heap   total reserved 2027520K, committed 192512K, used 137028K [0x0000000084400000, 0x0000000100000000)
  region size 1024K, 64 young (65536K), 2 survivors (2048K)
 Metaspace       used 73115K, committed 73664K, reserved 1114112K
  class space    used 8737K, committed 8960K, reserved 1048576K
}
Event: 10.747 GC heap after
{Heap after GC invocations=23 (full 0):
 garbage-first heap   total reserved 2027520K, committed 192512K, used 81711K [0x0000000084400000, 0x0000000100000000)
  region size 1024K, 8 young (8192K), 8 survivors (8192K)
 Metaspace       used 73115K, committed 73664K, reserved 1114112K
  class space    used 8737K, committed 8960K, reserved 1048576K
}
Event: 10.908 GC heap before
{Heap before GC invocations=23 (full 0):
 garbage-first heap   total reserved 2027520K, committed 192512K, used 143151K [0x0000000084400000, 0x0000000100000000)
  region size 1024K, 68 young (69632K), 8 survivors (8192K)
 Metaspace       used 73127K, committed 73728K, reserved 1114112K
  class space    used 8737K, committed 8960K, reserved 1048576K
}
Event: 10.922 GC heap after
{Heap after GC invocations=24 (full 0):
 garbage-first heap   total reserved 2027520K, committed 192512K, used 94095K [0x0000000084400000, 0x0000000100000000)
  region size 1024K, 9 young (9216K), 9 survivors (9216K)
 Metaspace       used 73127K, committed 73728K, reserved 1114112K
  class space    used 8737K, committed 8960K, reserved 1048576K
}
Event: 10.992 GC heap before
{Heap before GC invocations=24 (full 0):
 garbage-first heap   total reserved 2027520K, committed 192512K, used 133007K [0x0000000084400000, 0x0000000100000000)
  region size 1024K, 48 young (49152K), 9 survivors (9216K)
 Metaspace       used 73127K, committed 73728K, reserved 1114112K
  class space    used 8737K, committed 8960K, reserved 1048576K
}
Event: 11.009 GC heap after
{Heap after GC invocations=25 (full 0):
 garbage-first heap   total reserved 2027520K, committed 192512K, used 110592K [0x0000000084400000, 0x0000000100000000)
  region size 1024K, 8 young (8192K), 8 survivors (8192K)
 Metaspace       used 73127K, committed 73728K, reserved 1114112K
  class space    used 8737K, committed 8960K, reserved 1048576K
}
Event: 11.126 GC heap before
{Heap before GC invocations=26 (full 0):
 garbage-first heap   total reserved 2027520K, committed 192512K, used 151552K [0x0000000084400000, 0x0000000100000000)
  region size 1024K, 52 young (53248K), 8 survivors (8192K)
 Metaspace       used 73127K, committed 73728K, reserved 1114112K
  class space    used 8737K, committed 8960K, reserved 1048576K
}
Event: 11.141 GC heap after
{Heap after GC invocations=27 (full 0):
 garbage-first heap   total reserved 2027520K, committed 192512K, used 126464K [0x0000000084400000, 0x0000000100000000)
  region size 1024K, 7 young (7168K), 7 survivors (7168K)
 Metaspace       used 73127K, committed 73728K, reserved 1114112K
  class space    used 8737K, committed 8960K, reserved 1048576K
}
Event: 11.202 GC heap before
{Heap before GC invocations=27 (full 0):
 garbage-first heap   total reserved 2027520K, committed 192512K, used 161280K [0x0000000084400000, 0x0000000100000000)
  region size 1024K, 41 young (41984K), 7 survivors (7168K)
 Metaspace       used 73127K, committed 73728K, reserved 1114112K
  class space    used 8737K, committed 8960K, reserved 1048576K
}
Event: 11.212 GC heap after
{Heap after GC invocations=28 (full 0):
 garbage-first heap   total reserved 2027520K, committed 192512K, used 119296K [0x0000000084400000, 0x0000000100000000)
  region size 1024K, 6 young (6144K), 6 survivors (6144K)
 Metaspace       used 73127K, committed 73728K, reserved 1114112K
  class space    used 8737K, committed 8960K, reserved 1048576K
}
Event: 11.270 GC heap before
{Heap before GC invocations=28 (full 0):
 garbage-first heap   total reserved 2027520K, committed 192512K, used 158208K [0x0000000084400000, 0x0000000100000000)
  region size 1024K, 44 young (45056K), 6 survivors (6144K)
 Metaspace       used 73127K, committed 73728K, reserved 1114112K
  class space    used 8737K, committed 8960K, reserved 1048576K
}

Dll operation events (10 events):
Event: 0.006 Loaded shared library C:\Program Files\java\jdk-24\bin\java.dll
Event: 0.074 Loaded shared library C:\Program Files\java\jdk-24\bin\net.dll
Event: 0.076 Loaded shared library C:\Program Files\java\jdk-24\bin\nio.dll
Event: 0.079 Loaded shared library C:\Program Files\java\jdk-24\bin\zip.dll
Event: 0.293 Loaded shared library C:\Program Files\java\jdk-24\bin\jimage.dll
Event: 0.530 Loaded shared library C:\Program Files\java\jdk-24\bin\management.dll
Event: 0.535 Loaded shared library C:\Program Files\java\jdk-24\bin\management_ext.dll
Event: 2.172 Loaded shared library C:\Program Files\java\jdk-24\bin\sunmscapi.dll
Event: 4.244 Loaded shared library C:\Program Files\java\jdk-24\bin\extnet.dll
Event: 7.736 Loaded shared library C:\Program Files\java\jdk-24\bin\verify.dll

Deoptimization events (6 events):
Event: 3.332 Thread 0x000001ce590a8670 DEOPT PACKING pc=0x000001ce511c91ac sp=0x0000004c871fc730
Event: 3.332 Thread 0x000001ce590a8670 DEOPT UNPACKING pc=0x000001ce50e96642 sp=0x0000004c871fbc28 mode 0
Event: 5.201 Thread 0x000001ce5a533200 DEOPT PACKING pc=0x000001ce513abf31 sp=0x0000004c87cfeeb0
Event: 5.201 Thread 0x000001ce5a533200 DEOPT UNPACKING pc=0x000001ce50e96642 sp=0x0000004c87cfe308 mode 3
Event: 5.202 Thread 0x000001ce590a8670 DEOPT PACKING pc=0x000001ce51295d96 sp=0x0000004c871fac60
Event: 5.202 Thread 0x000001ce590a8670 DEOPT UNPACKING pc=0x000001ce50e96642 sp=0x0000004c871fa0f0 mode 3

Classes loaded (20 events):
Event: 9.577 Loading class java/lang/Character$UnicodeBlock
Event: 9.577 Loading class java/lang/Character$Subset
Event: 9.577 Loading class java/lang/Character$Subset done
Event: 9.578 Loading class java/lang/Character$UnicodeBlock done
Event: 9.613 Loading class java/util/regex/Pattern$Bound
Event: 9.613 Loading class java/util/regex/Pattern$Bound done
Event: 9.614 Loading class java/util/regex/Pattern$Neg
Event: 9.614 Loading class java/util/regex/Pattern$Neg done
Event: 9.614 Loading class java/util/regex/Pattern$Behind
Event: 9.614 Loading class java/util/regex/Pattern$Behind done
Event: 9.637 Loading class java/util/stream/Streams$RangeIntSpliterator
Event: 9.637 Loading class java/util/stream/Streams$RangeIntSpliterator done
Event: 9.637 Loading class java/util/stream/IntPipeline$1
Event: 9.638 Loading class java/util/stream/IntPipeline$1 done
Event: 9.638 Loading class java/util/stream/IntPipeline$1$1
Event: 9.638 Loading class java/util/stream/IntPipeline$1$1 done
Event: 9.659 Loading class java/util/EmptyStackException
Event: 9.659 Loading class java/util/EmptyStackException done
Event: 9.723 Loading class java/io/InvalidClassException
Event: 9.723 Loading class java/io/InvalidClassException done

Classes unloaded (0 events):
No events

Classes redefined (0 events):
No events

Internal exceptions (20 events):
Event: 9.324 Thread 0x000001ce590a8670 Exception <a 'java/io/IOException'{0x0000000087cb33a8}> (0x0000000087cb33a8) 
thrown [s\open\src\hotspot\share\prims\jni.cpp, line 518]
Event: 9.324 Thread 0x000001ce590a8670 Exception <a 'java/io/IOException'{0x0000000087cc0300}> (0x0000000087cc0300) 
thrown [s\open\src\hotspot\share\prims\jni.cpp, line 518]
Event: 9.325 Thread 0x000001ce590a8670 Exception <a 'java/io/IOException'{0x0000000087ccd910}> (0x0000000087ccd910) 
thrown [s\open\src\hotspot\share\prims\jni.cpp, line 518]
Event: 9.326 Thread 0x000001ce590a8670 Exception <a 'java/io/IOException'{0x0000000087cdaa28}> (0x0000000087cdaa28) 
thrown [s\open\src\hotspot\share\prims\jni.cpp, line 518]
Event: 9.326 Thread 0x000001ce590a8670 Exception <a 'java/io/IOException'{0x0000000087ce86e8}> (0x0000000087ce86e8) 
thrown [s\open\src\hotspot\share\prims\jni.cpp, line 518]
Event: 9.327 Thread 0x000001ce590a8670 Exception <a 'java/io/IOException'{0x0000000087cf5d50}> (0x0000000087cf5d50) 
thrown [s\open\src\hotspot\share\prims\jni.cpp, line 518]
Event: 9.330 Thread 0x000001ce590a8670 Exception <a 'java/io/IOException'{0x0000000087b24918}> (0x0000000087b24918) 
thrown [s\open\src\hotspot\share\prims\jni.cpp, line 518]
Event: 9.331 Thread 0x000001ce590a8670 Exception <a 'java/io/IOException'{0x0000000087b31a88}> (0x0000000087b31a88) 
thrown [s\open\src\hotspot\share\prims\jni.cpp, line 518]
Event: 9.332 Thread 0x000001ce590a8670 Exception <a 'java/io/IOException'{0x0000000087b43180}> (0x0000000087b43180) 
thrown [s\open\src\hotspot\share\prims\jni.cpp, line 518]
Event: 9.333 Thread 0x000001ce590a8670 Exception <a 'java/io/IOException'{0x0000000087b506a0}> (0x0000000087b506a0) 
thrown [s\open\src\hotspot\share\prims\jni.cpp, line 518]
Event: 9.335 Thread 0x000001ce590a8670 Exception <a 'java/io/IOException'{0x0000000087b5dda0}> (0x0000000087b5dda0) 
thrown [s\open\src\hotspot\share\prims\jni.cpp, line 518]
Event: 9.336 Thread 0x000001ce590a8670 Exception <a 'java/io/IOException'{0x0000000087b6be80}> (0x0000000087b6be80) 
thrown [s\open\src\hotspot\share\prims\jni.cpp, line 518]
Event: 9.381 Thread 0x000001ce590a8670 Exception <a 'java/lang/IncompatibleClassChangeError'{0x00000000877a3778}: Found class java.lang.Object, but interface was expected> (0x00000000877a3778) 
thrown [s\open\src\hotspot\share\interpreter\linkResolver.cpp, line 872]
Event: 9.407 Thread 0x000001ce590a8670 Exception <a 'java/lang/IncompatibleClassChangeError'{0x000000008754a980}: Found class java.lang.Object, but interface was expected> (0x000000008754a980) 
thrown [s\open\src\hotspot\share\interpreter\linkResolver.cpp, line 872]
Event: 9.472 Thread 0x000001ce590a8670 Exception <a 'java/lang/IncompatibleClassChangeError'{0x0000000086eac498}: Found class java.lang.Object, but interface was expected> (0x0000000086eac498) 
thrown [s\open\src\hotspot\share\interpreter\linkResolver.cpp, line 872]
Event: 9.516 Thread 0x000001ce590a8670 Exception <a 'java/lang/IncompatibleClassChangeError'{0x00000000fff0e068}: Found class java.lang.Object, but interface was expected> (0x00000000fff0e068) 
thrown [s\open\src\hotspot\share\interpreter\linkResolver.cpp, line 872]
Event: 9.591 Thread 0x000001ce590a8670 Exception <a 'java/lang/IncompatibleClassChangeError'{0x00000000892b50a0}: Found class java.lang.Object, but interface was expected> (0x00000000892b50a0) 
thrown [s\open\src\hotspot\share\interpreter\linkResolver.cpp, line 872]
Event: 9.626 Thread 0x000001ce590a8670 Exception <a 'java/lang/NoSuchMethodError'{0x00000000890410a0}: 'java.lang.Object java.lang.invoke.DirectMethodHandle$Holder.invokeStatic(java.lang.Object, int, java.lang.Object)'> (0x00000000890410a0) 
thrown [s\open\src\hotspot\share\interpreter\linkResolver.cpp, line 805]
Event: 9.638 Thread 0x000001ce590a8670 Exception <a 'java/lang/NoSuchMethodError'{0x00000000890eec88}: 'java.lang.Object java.lang.invoke.DirectMethodHandle$Holder.invokeInterface(java.lang.Object, java.lang.Object, int)'> (0x00000000890eec88) 
thrown [s\open\src\hotspot\share\interpreter\linkResolver.cpp, line 805]
Event: 9.654 Thread 0x000001ce590a8670 Exception <a 'java/io/IOException'{0x0000000088e2dbf8}> (0x0000000088e2dbf8) 
thrown [s\open\src\hotspot\share\prims\jni.cpp, line 518]

VM Operations (20 events):
Event: 10.140 Executing VM operation: G1PauseRemark done
Event: 10.165 Executing VM operation: G1PauseCleanup
Event: 10.165 Executing VM operation: G1PauseCleanup done
Event: 10.622 Executing VM operation: HandshakeAllThreads (Deoptimize)
Event: 10.622 Executing VM operation: HandshakeAllThreads (Deoptimize) done
Event: 10.738 Executing VM operation: G1CollectForAllocation (G1 Evacuation Pause)
Event: 10.747 Executing VM operation: G1CollectForAllocation (G1 Evacuation Pause) done
Event: 10.908 Executing VM operation: G1CollectForAllocation (G1 Evacuation Pause)
Event: 10.922 Executing VM operation: G1CollectForAllocation (G1 Evacuation Pause) done
Event: 10.992 Executing VM operation: G1TryInitiateConcMark (G1 Humongous Allocation)
Event: 11.009 Executing VM operation: G1TryInitiateConcMark (G1 Humongous Allocation) done
Event: 11.050 Executing VM operation: G1PauseRemark
Event: 11.054 Executing VM operation: G1PauseRemark done
Event: 11.077 Executing VM operation: G1PauseCleanup
Event: 11.077 Executing VM operation: G1PauseCleanup done
Event: 11.126 Executing VM operation: G1CollectForAllocation (G1 Evacuation Pause)
Event: 11.141 Executing VM operation: G1CollectForAllocation (G1 Evacuation Pause) done
Event: 11.201 Executing VM operation: G1CollectForAllocation (G1 Evacuation Pause)
Event: 11.213 Executing VM operation: G1CollectForAllocation (G1 Evacuation Pause) done
Event: 11.270 Executing VM operation: G1CollectForAllocation (G1 Evacuation Pause)

Memory protections (0 events):
No events

Nmethod flushes (20 events):
Event: 10.140 Thread 0x000001ce59030490 flushing  nmethod 0x000001ce51384f88
Event: 10.140 Thread 0x000001ce59030490 flushing  nmethod 0x000001ce51385288
Event: 10.140 Thread 0x000001ce59030490 flushing  nmethod 0x000001ce51387d08
Event: 10.140 Thread 0x000001ce59030490 flushing  nmethod 0x000001ce51388308
Event: 10.140 Thread 0x000001ce59030490 flushing  nmethod 0x000001ce51397808
Event: 10.140 Thread 0x000001ce59030490 flushing  nmethod 0x000001ce51399108
Event: 10.140 Thread 0x000001ce59030490 flushing  nmethod 0x000001ce51399408
Event: 10.140 Thread 0x000001ce59030490 flushing  nmethod 0x000001ce5139b208
Event: 10.140 Thread 0x000001ce59030490 flushing  nmethod 0x000001ce513fca88
Event: 10.140 Thread 0x000001ce59030490 flushing  nmethod 0x000001ce513fd488
Event: 10.140 Thread 0x000001ce59030490 flushing  nmethod 0x000001ce51412a88
Event: 10.140 Thread 0x000001ce59030490 flushing  nmethod 0x000001ce51413688
Event: 10.140 Thread 0x000001ce59030490 flushing  nmethod 0x000001ce51414408
Event: 10.140 Thread 0x000001ce59030490 flushing  nmethod 0x000001ce51414708
Event: 10.140 Thread 0x000001ce59030490 flushing  nmethod 0x000001ce51416c88
Event: 10.140 Thread 0x000001ce59030490 flushing  nmethod 0x000001ce5142d388
Event: 10.140 Thread 0x000001ce59030490 flushing  nmethod 0x000001ce5142e388
Event: 10.140 Thread 0x000001ce59030490 flushing  nmethod 0x000001ce5142ed08
Event: 10.140 Thread 0x000001ce59030490 flushing  nmethod 0x000001ce5142f308
Event: 10.140 Thread 0x000001ce59030490 flushing  nmethod 0x000001ce51934288

Events (20 events):
Event: 0.030 Thread 0x000001ce461eefe0 Thread added: 0x000001ce590408a0
Event: 0.030 Thread 0x000001ce461eefe0 Thread added: 0x000001ce590412a0
Event: 0.030 Thread 0x000001ce461eefe0 Thread added: 0x000001ce59042220
Event: 0.030 Thread 0x000001ce461eefe0 Thread added: 0x000001ce59043e50
Event: 0.030 Thread 0x000001ce461eefe0 Thread added: 0x000001ce59044a70
Event: 0.030 Thread 0x000001ce461eefe0 Thread added: 0x000001ce59045690
Event: 0.030 Thread 0x000001ce461eefe0 Thread added: 0x000001ce590462b0
Event: 0.068 Thread 0x000001ce461eefe0 Thread added: 0x000001ce5908e420
Event: 0.071 Thread 0x000001ce461eefe0 Thread added: 0x000001ce450556f0
Event: 0.077 Thread 0x000001ce590462b0 Thread added: 0x000001ce4505ea90
Event: 0.357 Thread 0x000001ce590462b0 Thread added: 0x000001ce45723000
Event: 0.577 Thread 0x000001ce461eefe0 Thread added: 0x000001ce590a67e0
Event: 0.583 Thread 0x000001ce590a67e0 Thread added: 0x000001ce590a8670
Event: 1.284 Thread 0x000001ce590a8670 Thread added: 0x000001ce592851b0
Event: 2.181 Thread 0x000001ce592851b0 Thread exited: 0x000001ce592851b0
Event: 2.191 Thread 0x000001ce590a8670 Thread added: 0x000001ce592851b0
Event: 2.310 Thread 0x000001ce592851b0 Thread exited: 0x000001ce592851b0
Event: 5.070 Thread 0x000001ce590a8670 Thread added: 0x000001ce5a54bbf0
Event: 5.200 Thread 0x000001ce590a8670 Thread added: 0x000001ce5a533200
Event: 5.302 Thread 0x000001ce5a533200 Thread added: 0x000001ce5a535de0


Dynamic libraries:
0x00007ff63cab0000 - 0x00007ff63cac0000 	C:\Program Files\java\jdk-24\bin\java.exe
0x00007ffa8d830000 - 0x00007ffa8da47000 	C:\Windows\SYSTEM32\ntdll.dll
0x00007ffa8c040000 - 0x00007ffa8c104000 	C:\Windows\System32\KERNEL32.DLL
0x00007ffa8ade0000 - 0x00007ffa8b1b2000 	C:\Windows\System32\KERNELBASE.dll
0x00007ffa8ab20000 - 0x00007ffa8ac31000 	C:\Windows\System32\ucrtbase.dll
0x00007ffa7af70000 - 0x00007ffa7af86000 	C:\Program Files\java\jdk-24\bin\jli.dll
0x00007ffa7afe0000 - 0x00007ffa7affb000 	C:\Program Files\java\jdk-24\bin\VCRUNTIME140.dll
0x00007ffa8bc30000 - 0x00007ffa8bde1000 	C:\Windows\System32\USER32.dll
0x00007ffa8b1f0000 - 0x00007ffa8b216000 	C:\Windows\System32\win32u.dll
0x00007ffa79520000 - 0x00007ffa797bb000 	C:\Windows\WinSxS\amd64_microsoft.windows.common-controls_6595b64144ccf1df_6.0.22621.5415_none_270d77d17387d7da\COMCTL32.dll
0x00007ffa8c8b0000 - 0x00007ffa8c957000 	C:\Windows\System32\msvcrt.dll
0x00007ffa8b6f0000 - 0x00007ffa8b719000 	C:\Windows\System32\GDI32.dll
0x00007ffa8b220000 - 0x00007ffa8b343000 	C:\Windows\System32\gdi32full.dll
0x00007ffa8ac40000 - 0x00007ffa8acda000 	C:\Windows\System32\msvcp_win.dll
0x00007ffa8cbe0000 - 0x00007ffa8cc11000 	C:\Windows\System32\IMM32.DLL
0x00007ffa83c70000 - 0x00007ffa83c7c000 	C:\Program Files\java\jdk-24\bin\vcruntime140_1.dll
0x00007ffa7aee0000 - 0x00007ffa7af6e000 	C:\Program Files\java\jdk-24\bin\msvcp140.dll
0x00007ff9fdb60000 - 0x00007ff9fe902000 	C:\Program Files\java\jdk-24\bin\server\jvm.dll
0x00007ffa8c7f0000 - 0x00007ffa8c8a1000 	C:\Windows\System32\ADVAPI32.dll
0x00007ffa8cc20000 - 0x00007ffa8ccc8000 	C:\Windows\System32\sechost.dll
0x00007ffa8b1c0000 - 0x00007ffa8b1e8000 	C:\Windows\System32\bcrypt.dll
0x00007ffa8d6d0000 - 0x00007ffa8d7e4000 	C:\Windows\System32\RPCRT4.dll
0x00007ffa8c960000 - 0x00007ffa8c9d1000 	C:\Windows\System32\WS2_32.dll
0x00007ffa83a70000 - 0x00007ffa83aa4000 	C:\Windows\SYSTEM32\WINMM.dll
0x00007ffa89e70000 - 0x00007ffa89ebd000 	C:\Windows\SYSTEM32\POWRPROF.dll
0x00007ffa83a60000 - 0x00007ffa83a6a000 	C:\Windows\SYSTEM32\VERSION.dll
0x00007ffa89db0000 - 0x00007ffa89dc3000 	C:\Windows\SYSTEM32\UMPDC.dll
0x00007ffa89990000 - 0x00007ffa899a8000 	C:\Windows\SYSTEM32\kernel.appcore.dll
0x00007ffa83ab0000 - 0x00007ffa83aba000 	C:\Program Files\java\jdk-24\bin\jimage.dll
0x00007ffa87e80000 - 0x00007ffa880b3000 	C:\Windows\SYSTEM32\DBGHELP.DLL
0x00007ffa8c110000 - 0x00007ffa8c4a3000 	C:\Windows\System32\combase.dll
0x00007ffa8c9e0000 - 0x00007ffa8cab7000 	C:\Windows\System32\OLEAUT32.dll
0x00007ffa7a4e0000 - 0x00007ffa7a512000 	C:\Windows\SYSTEM32\dbgcore.DLL
0x00007ffa8ace0000 - 0x00007ffa8ad5b000 	C:\Windows\System32\bcryptPrimitives.dll
0x00007ffa7ac30000 - 0x00007ffa7ac4e000 	C:\Program Files\java\jdk-24\bin\java.dll
0x00007ffa8b4c0000 - 0x00007ffa8b660000 	C:\Windows\System32\ole32.dll
0x00007ffa8ccf0000 - 0x00007ffa8d592000 	C:\Windows\System32\SHELL32.dll
0x00007ffa8a9e0000 - 0x00007ffa8ab1f000 	C:\Windows\System32\wintypes.dll
0x00007ffa88800000 - 0x00007ffa8911e000 	C:\Windows\SYSTEM32\windows.storage.dll
0x00007ffa8d5c0000 - 0x00007ffa8d6cb000 	C:\Windows\System32\SHCORE.dll
0x00007ffa8cac0000 - 0x00007ffa8cb29000 	C:\Windows\System32\shlwapi.dll
0x00007ffa8a850000 - 0x00007ffa8a87b000 	C:\Windows\SYSTEM32\profapi.dll
0x00007ffa83680000 - 0x00007ffa83690000 	C:\Program Files\java\jdk-24\bin\net.dll
0x00007ffa89ec0000 - 0x00007ffa89f29000 	C:\Windows\system32\mswsock.dll
0x00007ffa7a6c0000 - 0x00007ffa7a6d6000 	C:\Program Files\java\jdk-24\bin\nio.dll
0x00007ffa7a6a0000 - 0x00007ffa7a6b7000 	C:\Program Files\java\jdk-24\bin\zip.dll
0x00007ffa7afd0000 - 0x00007ffa7afda000 	C:\Program Files\java\jdk-24\bin\management.dll
0x00007ffa7ad30000 - 0x00007ffa7ad3b000 	C:\Program Files\java\jdk-24\bin\management_ext.dll
0x00007ffa8b660000 - 0x00007ffa8b668000 	C:\Windows\System32\PSAPI.DLL
0x00007ffa7a700000 - 0x00007ffa7a70e000 	C:\Program Files\java\jdk-24\bin\sunmscapi.dll
0x00007ffa8b350000 - 0x00007ffa8b4b7000 	C:\Windows\System32\CRYPT32.dll
0x00007ffa8a2d0000 - 0x00007ffa8a2fd000 	C:\Windows\SYSTEM32\ncrypt.dll
0x00007ffa8a290000 - 0x00007ffa8a2c7000 	C:\Windows\SYSTEM32\NTASN1.dll
0x00007ffa8a110000 - 0x00007ffa8a12b000 	C:\Windows\SYSTEM32\CRYPTSP.dll
0x00007ffa89880000 - 0x00007ffa898b7000 	C:\Windows\system32\rsaenh.dll
0x00007ffa89fb0000 - 0x00007ffa89fd8000 	C:\Windows\SYSTEM32\USERENV.dll
0x00007ffa8a130000 - 0x00007ffa8a13c000 	C:\Windows\SYSTEM32\CRYPTBASE.dll
0x00007ffa89370000 - 0x00007ffa8939d000 	C:\Windows\SYSTEM32\IPHLPAPI.DLL
0x00007ffa8d5a0000 - 0x00007ffa8d5a9000 	C:\Windows\System32\NSI.dll
0x00007ffa893a0000 - 0x00007ffa89498000 	C:\Windows\SYSTEM32\DNSAPI.dll
0x00007ffa83900000 - 0x00007ffa8390a000 	C:\Windows\System32\rasadhlp.dll
0x00007ffa83910000 - 0x00007ffa83994000 	C:\Windows\System32\fwpuclnt.dll
0x00007ffa79890000 - 0x00007ffa79899000 	C:\Program Files\java\jdk-24\bin\extnet.dll
0x00007ffa816c0000 - 0x00007ffa816d0000 	C:\Program Files\java\jdk-24\bin\verify.dll

JVMTI agents: none

dbghelp: loaded successfully - version: 4.0.5 - missing functions: none
symbol engine: initialized successfully - sym options: 0x614 - pdb path: .;C:\Program Files\java\jdk-24\bin;C:\Windows\SYSTEM32;C:\Windows\WinSxS\amd64_microsoft.windows.common-controls_6595b64144ccf1df_6.0.22621.5415_none_270d77d17387d7da;C:\Program Files\java\jdk-24\bin\server

VM Arguments:
jvm_args: -XX:TieredStopAtLevel=1 
java_command: com.hertechrise.platform.Startup
java_class_path (initial): C:\Users\thaly\her-tech-rise\src\backend\target\classes;C:\Users\thaly\.m2\repository\ch\qos\logback\logback-classic\1.5.18\logback-classic-1.5.18.jar;C:\Users\thaly\.m2\repository\ch\qos\logback\logback-core\1.5.18\logback-core-1.5.18.jar;C:\Users\thaly\.m2\repository\org\apache\logging\log4j\log4j-to-slf4j\2.24.3\log4j-to-slf4j-2.24.3.jar;C:\Users\thaly\.m2\repository\org\apache\logging\log4j\log4j-api\2.24.3\log4j-api-2.24.3.jar;C:\Users\thaly\.m2\repository\org\slf4j\jul-to-slf4j\2.0.17\jul-to-slf4j-2.0.17.jar;C:\Users\thaly\.m2\repository\jakarta\annotation\jakarta.annotation-api\2.1.1\jakarta.annotation-api-2.1.1.jar;C:\Users\thaly\.m2\repository\org\yaml\snakeyaml\2.4\snakeyaml-2.4.jar;C:\Users\thaly\.m2\repository\com\zaxxer\HikariCP\6.3.0\HikariCP-6.3.0.jar;C:\Users\thaly\.m2\repository\org\springframework\spring-jdbc\6.2.8\spring-jdbc-6.2.8.jar;C:\Users\thaly\.m2\repository\org\hibernate\orm\hibernate-core\6.6.18.Final\hibernate-core-6.6.18.Final.jar;C:\Users\thaly\.m2\repository\jakarta\persistence\jakarta.persistence-api\3.1.0\jakarta.persistence-api-3.1.0.jar;C:\Users\thaly\.m2\repository\jakarta\transaction\jakarta.transaction-api\2.0.1\jakarta.transaction-api-2.0.1.jar;C:\Users\thaly\.m2\repository\org\jboss\logging\jboss-logging\3.6.1.Final\jboss-logging-3.6.1.Final.jar;C:\Users\thaly\.m2\repository\org\hibernate\common\hibernate-commons-annotations\7.0.3.Final\hibernate-commons-annotations-7.0.3.Final.jar;C:\Users\thaly\.m2\repository\io\smallrye\jandex\3.2.0\jandex-3.2.0.jar;C:\Users\thaly\.m2\repository\com\fasterxml\classmate\1.7.0\classmate-1.7.0.jar;C:\Users\thaly\.m2\repository\jakarta\inject\jakarta.inject-api\2.0.1\jakarta.inject-api-2.0.1.jar;C:\Users\thaly\.m2\repository\org\antlr\antlr4-runtime\4.13.0\antlr4-runtime-4.13.0.jar;C:\Users\thaly\.m2\repository\org\springframework\data\spring-data-jpa\3.5.1\spring-data-jpa-3.5.1.jar;C:\Users\thaly\.m2\repository\org\springframework\data\spring-data-commons\3.5.1\spring-data-commons-3.5.1.jar;C:\Users\thaly\.m2\repository\org\springframework\spring-orm\6.2.8\spring-orm-6.2.8.jar;C:\Users\thaly\.m2\repository\org\springframework\spring-context\6.2.8\spring-context-6.2.8.jar;C:\Users\thaly\.m2\repository\org\springframework\spring-tx\6.2.8\spring-tx-6.2.8.jar;C:\Users\thaly\.m2\repository\org\springframework\spring-beans\6.2.8\spring-beans-6.2.8.jar;C:\Users\thaly\.m2\repository\org\springframework\spring-aspects\6.2.8\spring-aspects-6.2.8.jar;C:\Users\thaly\.m2\repository\org\aspectj\aspectjweaver\1.9.24\aspectjweaver-1.9.24.jar;C:\Users\thaly\.m2\repository\org\apache\tomcat\embed\tomcat-embed-el\10.1.42\tomcat-embed-el-10.1.42.jar;C:\Users\thaly\.m2\repository\org\hibernate\validator\hibernate-validator\8.0.2.Final\hibernate-validator-8.0.2.Final.jar;C:\Users\thaly\.m2\repository\jakarta\validation\jakarta.validation-api\3.0.2\jakarta.validation-api-3.0.2.jar;C:\Users\thaly\.m2\repository\com\fasterxml\jackson\datatype\jackson-datatype-jdk8\2.19.1\jackson-datatype-jdk8-2.19.1.jar;C:\Users\thaly\.m2\repository\com\fasterxml\jackson\module\jackson-module-parameter-names\2.19.1\jackson-module-parameter-names-2.19.1.jar;C:\Users\thaly\.m2\repository\org\apache\tomcat\embed\tomcat-embed-core\10.1.42\tomcat-embed-core-10.1.42.jar;C:\Users\thaly\.m2\repository\org\apache\tomcat\embed\tomcat-embed-websocket\10.1.42\tomcat-embed-websocket-10.1.42.jar;C:\Users\thaly\.m2\repository\org\springframework\spring-web\6.2.8\spring-web-6.2.8.jar;C:\Users\thaly\.m2\repository\io\micrometer\micrometer-observation\1.15.1\micrometer-observation-1.15.1.jar;C:\Users\thaly\.m2\repository\io\micrometer\micrometer-commons\1.15.1\micrometer-commons-1.15.1.jar;C:\Users\thaly\.m2\repository\org\springframework\spring-webmvc\6.2.8\spring-webmvc-6.2.8.jar;C:\Users\thaly\.m2\repository\org\springframework\spring-expression\6.2.8\spring-expression-6.2.8.jar;C:\Users\thaly\.m2\repository\org\springframework\spring-context-support\6.2.8\spring-context-support-6.2.8.jar;C:\Users\thaly\.m2\repository\org\eclipse\angus\jakarta.mail\2.0.3\jakarta.mail-2.0.3.jar;C:\Users\thaly\.m2\repository\jakarta\activation\jakarta.activation-api\2.1.3\jakarta.activation-api-2.1.3.jar;C:\Users\thaly\.m2\repository\org\eclipse\angus\angus-activation\2.0.2\angus-activation-2.0.2.jar;C:\Users\thaly\.m2\repository\org\springframework\boot\spring-boot-devtools\3.5.3\spring-boot-devtools-3.5.3.jar;C:\Users\thaly\.m2\repository\org\springframework\boot\spring-boot\3.5.3\spring-boot-3.5.3.jar;C:\Users\thaly\.m2\repository\org\springframework\boot\spring-boot-autoconfigure\3.5.3\spring-boot-autoconfigure-3.5.3.jar;C:\Users\thaly\.m2\repository\org\postgresql\postgresql\42.7.7\postgresql-42.7.7.jar;C:\Users\thaly\.m2\repository\org\checkerframework\checker-qual\3.49.3\checker-qual-3.49.3.jar;C:\Users\thaly\.m2\repository\jakarta\xml\bind\jakarta.xml.bind-api\4.0.2\jakarta.xml.bind-api-4.0.2.jar;C:\Users\thaly\.m2\repository\org\springframework\spring-core\6.2.8\spring-core-6.2.8.jar;C:\Users\thaly\.m2\repository\org\springframework\spring-jcl\6.2.8\spring-jcl-6.2.8.jar;C:\Users\thaly\.m2\repository\net\bytebuddy\byte-buddy\1.17.6\byte-buddy-1.17.6.jar;C:\Users\thaly\.m2\repository\org\objenesis\objenesis\3.3\objenesis-3.3.jar;C:\Users\thaly\.m2\repository\org\apache\httpcomponents\httpclient\4.5.13\httpclient-4.5.13.jar;C:\Users\thaly\.m2\repository\org\apache\httpcomponents\httpcore\4.4.16\httpcore-4.4.16.jar;C:\Users\thaly\.m2\repository\commons-logging\commons-logging\1.2\commons-logging-1.2.jar;C:\Users\thaly\.m2\repository\commons-codec\commons-codec\1.18.0\commons-codec-1.18.0.jar;C:\Users\thaly\.m2\repository\org\apache\httpcomponents\httpmime\4.5.13\httpmime-4.5.13.jar;C:\Users\thaly\.m2\repository\io\github\cdimascio\dotenv-java\3.2.0\dotenv-java-3.2.0.jar;C:\Users\thaly\.m2\repository\org\flywaydb\flyway-core\11.7.2\flyway-core-11.7.2.jar;C:\Users\thaly\.m2\repository\com\fasterxml\jackson\dataformat\jackson-dataformat-toml\2.19.1\jackson-dataformat-toml-2.19.1.jar;C:\Users\thaly\.m2\repository\com\fasterxml\jackson\datatype\jackson-datatype-jsr310\2.19.1\jackson-datatype-jsr310-2.19.1.jar;C:\Users\thaly\.m2\repository\com\fasterxml\jackson\core\jackson-annotations\2.19.1\jackson-annotations-2.19.1.jar;C:\Users\thaly\.m2\repository\org\flywaydb\flyway-database-postgresql\11.7.2\flyway-database-postgresql-11.7.2.jar;C:\Users\thaly\.m2\repository\org\springdoc\springdoc-openapi-starter-webmvc-ui\2.8.6\springdoc-openapi-starter-webmvc-ui-2.8.6.jar;C:\Users\thaly\.m2\repository\org\springdoc\springdoc-openapi-starter-webmvc-api\2.8.6\springdoc-openapi-starter-webmvc-api-2.8.6.jar;C:\Users\thaly\.m2\repository\org\springdoc\springdoc-openapi-starter-common\2.8.6\springdoc-openapi-starter-common-2.8.6.jar;C:\Users\thaly\.m2\repository\io\swagger\core\v3\swagger-core-jakarta\2.2.29\swagger-core-jakarta-2.2.29.jar;C:\Users\thaly\.m2\repository\io\swagger\core\v3\swagger-annotations-jakarta\2.2.29\swagger-annotations-jakarta-2.2.29.jar;C:\Users\thaly\.m2\repository\io\swagger\core\v3\swagger-models-jakarta\2.2.29\swagger-models-jakarta-2.2.29.jar;C:\Users\thaly\.m2\repository\com\fasterxml\jackson\dataformat\jackson-dataformat-yaml\2.19.1\jackson-dataformat-yaml-2.19.1.jar;C:\Users\thaly\.m2\repository\org\webjars\swagger-ui\5.20.1\swagger-ui-5.20.1.jar;C:\Users\thaly\.m2\repository\org\webjars\webjars-locator-lite\1.1.0\webjars-locator-lite-1.1.0.jar;C:\Users\thaly\.m2\repository\org\jspecify\jspecify\1.0.0\jspecify-1.0.0.jar;C:\Users\thaly\.m2\repository\com\github\dozermapper\dozer-core\7.0.0\dozer-core-7.0.0.jar;C:\Users\thaly\.m2\repository\commons-beanutils\commons-beanutils\1.9.4\commons-beanutils-1.9.4.jar;C:\Users\thaly\.m2\repository\commons-collections\commons-collections\3.2.2\commons-collections-3.2.2.jar;C:\Users\thaly\.m2\repository\org\apache\commons\commons-lang3\3.17.0\commons-lang3-3.17.0.jar;C:\Users\thaly\.m2\repository\org\glassfish\jaxb\jaxb-runtime\4.0.5\jaxb-runtime-4.0.5.jar;C:\Users\thaly\.m2\repository\org\glassfish\jaxb\jaxb-core\4.0.5\jaxb-core-4.0.5.jar;C:\Users\thaly\.m2\repository\org\glassfish\jaxb\txw2\4.0.5\txw2-4.0.5.jar;C:\Users\thaly\.m2\repository\com\sun\istack\istack-commons-runtime\4.1.2\istack-commons-runtime-4.1.2.jar;C:\Users\thaly\.m2\repository\org\glassfish\jaxb\jaxb-xjc\4.0.5\jaxb-xjc-4.0.5.jar;C:\Users\thaly\.m2\repository\org\glassfish\jaxb\xsom\4.0.5\xsom-4.0.5.jar;C:\Users\thaly\.m2\repository\com\sun\xml\bind\external\relaxng-datatype\4.0.5\relaxng-datatype-4.0.5.jar;C:\Users\thaly\.m2\repository\org\glassfish\jaxb\codemodel\4.0.5\codemodel-4.0.5.jar;C:\Users\thaly\.m2\repository\com\sun\xml\bind\external\rngom\4.0.5\rngom-4.0.5.jar;C:\Users\thaly\.m2\repository\com\sun\xml\dtd-parser\dtd-parser\1.5.1\dtd-parser-1.5.1.jar;C:\Users\thaly\.m2\repository\com\sun\istack\istack-commons-tools\4.1.2\istack-commons-tools-4.1.2.jar;C:\Users\thaly\.m2\repository\org\slf4j\slf4j-api\2.0.17\slf4j-api-2.0.17.jar;C:\Users\thaly\.m2\repository\org\slf4j\jcl-over-slf4j\2.0.17\jcl-over-slf4j-2.0.17.jar;C:\Users\thaly\.m2\repository\org\springframework\spring-aop\6.2.8\spring-aop-6.2.8.jar;C:\Users\thaly\.m2\repository\org\springframework\security\spring-security-config\6.5.1\spring-security-config-6.5.1.jar;C:\Users\thaly\.m2\repository\org\springframework\security\spring-security-core\6.5.1\spring-security-core-6.5.1.jar;C:\Users\thaly\.m2\repository\org\springframework\security\spring-security-crypto\6.5.1\spring-security-crypto-6.5.1.jar;C:\Users\thaly\.m2\repository\org\springframework\security\spring-security-web\6.5.1\spring-security-web-6.5.1.jar;C:\Users\thaly\.m2\repository\com\auth0\java-jwt\4.5.0\java-jwt-4.5.0.jar;C:\Users\thaly\.m2\repository\com\fasterxml\jackson\core\jackson-core\2.19.1\jackson-core-2.19.1.jar;C:\Users\thaly\.m2\repository\com\fasterxml\jackson\core\jackson-databind\2.19.1\jackson-databind-2.19.1.jar;C:\Users\thaly\.m2\repository\io\jsonwebtoken\jjwt-api\0.12.6\jjwt-api-0.12.6.jar;C:\Users\thaly\.m2\repository\io\jsonwebtoken\jjwt-impl\0.12.6\jjwt-impl-0.12.6.jar;C:\Users\thaly\.m2\repository\io\jsonwebtoken\jjwt-jackson\0.12.6\jjwt-jackson-0.12.6.jar;C:\Users\thaly\.m2\repository\com\cloudinary\cloudinary-http44\1.38.0\cloudinary-http44-1.38.0.jar;C:\Users\thaly\.m2\repository\com\cloudinary\cloudinary-core\1.38.0\cloudinary-core-1.38.0.jar
Launcher Type: SUN_STANDARD

[Global flags]
     intx CICompilerCount                          = 4                                         {product} {ergonomic}
     uint ConcGCThreads                            = 2                                         {product} {ergonomic}
     uint G1ConcRefinementThreads                  = 8                                         {product} {ergonomic}
   size_t G1HeapRegionSize                         = 1048576                                   {product} {ergonomic}
   size_t InitialHeapSize                          = 130023424                                 {product} {ergonomic}
   size_t MarkStackSize                            = 4194304                                   {product} {ergonomic}
   size_t MarkStackSizeMax                         = 536870912                                 {product} {ergonomic}
   size_t MaxHeapSize                              = 2076180480                                {product} {ergonomic}
   size_t MaxNewSize                               = 1245708288                                {product} {ergonomic}
   size_t MinHeapDeltaBytes                        = 1048576                                   {product} {ergonomic}
   size_t MinHeapSize                              = 8388608                                   {product} {ergonomic}
    uintx NonNMethodCodeHeapSize                   = 4096                                   {pd product} {ergonomic}
    uintx NonProfiledCodeHeapSize                  = 0                                      {pd product} {ergonomic}
     bool ProfileInterpreter                       = false                                  {pd product} {command line}
    uintx ProfiledCodeHeapSize                     = 0                                      {pd product} {ergonomic}
   size_t SoftMaxHeapSize                          = 2076180480                             {manageable} {ergonomic}
     intx TieredStopAtLevel                        = 1                                         {product} {command line}
     bool UseCompressedOops                        = true                           {product lp64_product} {ergonomic}
     bool UseG1GC                                  = true                                      {product} {ergonomic}
     bool UseLargePagesIndividualAllocation        = false                                  {pd product} {ergonomic}

Logging:
Log output configuration:
 #0: stdout all=warning uptime,level,tags foldmultilines=false
 #1: stderr all=off uptime,level,tags foldmultilines=false

Environment Variables:
JAVA_HOME=C:\Program Files\java\jdk-24
PATH=C:\Program Files\Common Files\Oracle\Java\javapath;C:\Program Files (x86)\Common Files\Oracle\Java\java8path;C:\Program Files (x86)\Common Files\Oracle\Java\javapath;C:\Program Files\java\jdk-24\bin;C:\Program Files\Microsoft\jdk-11.0.16.101-hotspot\bin;C:\Program Files\java\zulu11.64.19-ca-jdk11.0.19-win_x64\bin;C:\Windows\system32;C:\Windows;C:\Windows\System32\Wbem;C:\Windows\System32\WindowsPowerShell\v1.0\;C:\Windows\System32\OpenSSH\;C:\Program Files\nodejs\;C:\Program Files (x86)\Microsoft SQL Server\160\Tools\Binn\;C:\Program Files\Microsoft SQL Server\160\Tools\Binn\;C:\Program Files\Microsoft SQL Server\Client SDK\ODBC\170\Tools\Binn\;C:\Program Files\Microsoft SQL Server\160\DTS\Binn\;C:\Program Files\Git\cmd;C:\Users\thaly\AppData\Local\Programs\Python\Python313\python.exe;C:\Program Files\Apache\apache-maven-3.9.11\bin;C:\Program Files\Docker\Docker\resources\bin;C:\Users\thaly\AppData\Local\Microsoft\WindowsApps;C:\Users\thaly\AppData\Local\Programs\Microsoft VS Code\bin;C:\Users\thaly\AppData\Roaming\npm;C:\Program Files\MySQL\MySQL Workbench 8.0 CE;C:\Users\thaly\AppData\Local\Programs\Python\Python313\python.exe;
USERNAME=thaly
OS=Windows_NT
PROCESSOR_IDENTIFIER=Intel64 Family 6 Model 140 Stepping 1, GenuineIntel
TMP=C:\Users\thaly\AppData\Local\Temp
TEMP=C:\Users\thaly\AppData\Local\Temp




Periodic native trim disabled

---------------  S Y S T E M  ---------------

OS:
 Windows 11 , 64 bit Build 22621 (10.0.22621.5415)
OS uptime: 4 days 3:14 hours
Hyper-V role detected

CPU: total 8 (initial active 8) (4 cores per cpu, 2 threads per core) family 6 model 140 stepping 1 microcode 0x8a, cx8, cmov, fxsr, ht, mmx, 3dnowpref, sse, sse2, sse3, ssse3, sse4.1, sse4.2, popcnt, lzcnt, tsc, tscinvbit, avx, avx2, aes, erms, clmul, bmi1, bmi2, adx, avx512f, avx512dq, avx512cd, avx512bw, avx512vl, sha, fma, vzeroupper, avx512_vpopcntdq, avx512_vpclmulqdq, avx512_vaes, avx512_vnni, clflush, clflushopt, clwb, avx512_vbmi2, avx512_vbmi, hv, rdtscp, rdpid, fsrm, gfni, avx512_bitalg, f16c, cet_ibt, cet_ss, avx512_ifma
Processor Information for the first 8 processors :
  Max Mhz: 2419, Current Mhz: 2419, Mhz Limit: 2419

Memory: 4k page, system-wide physical 7915M (448M free)
TotalPageFile size 24294M (AvailPageFile size 150M)
current process WorkingSet (physical memory assigned to process): 342M, peak: 342M
current process commit charge ("private bytes"): 385M, peak: 573M

vm_info: Java HotSpot(TM) 64-Bit Server VM (24.0.1+9-30) for windows-amd64 JRE (24.0.1+9-30), built on 2025-03-05T07:23:45Z with MS VC++ 17.6 (VS2022)

END.
